<?xml version="1.0" encoding="UTF-8"?>
<testsuite xmlns:xsi="http://www.w3.org/2001/XMLSchema-instance" xsi:noNamespaceSchemaLocation="https://maven.apache.org/surefire/maven-failsafe-plugin/xsd/failsafe-test-report-3.0.xsd" version="3.0" name="ca.ulaval.glo4003.subscription.SubscriptionResourceIT" time="1.683" tests="4" errors="0" skipped="0" failures="0">
  <properties>
    <property name="java.specification.version" value="18"/>
    <property name="sun.cpu.isalist" value="amd64"/>
    <property name="sun.jnu.encoding" value="Cp1252"/>
    <property name="java.class.path" value="C:\Users\Antoine\Programmation\Ecole\4A_Polytech\Architecture logicielle\SULVLO\target\test-classes;C:\Users\Antoine\Programmation\Ecole\4A_Polytech\Architecture logicielle\SULVLO\target\application.jar;C:\Users\Antoine\.m2\repository\org\glassfish\jersey\containers\jersey-container-jetty-http\3.1.0-M7\jersey-container-jetty-http-3.1.0-M7.jar;C:\Users\Antoine\.m2\repository\jakarta\inject\jakarta.inject-api\2.0.1\jakarta.inject-api-2.0.1.jar;C:\Users\Antoine\.m2\repository\org\eclipse\jetty\jetty-server\11.0.9\jetty-server-11.0.9.jar;C:\Users\Antoine\.m2\repository\org\eclipse\jetty\jetty-http\11.0.9\jetty-http-11.0.9.jar;C:\Users\Antoine\.m2\repository\org\eclipse\jetty\jetty-io\11.0.9\jetty-io-11.0.9.jar;C:\Users\Antoine\.m2\repository\org\eclipse\jetty\jetty-util\11.0.9\jetty-util-11.0.9.jar;C:\Users\Antoine\.m2\repository\org\glassfish\jersey\core\jersey-common\3.1.0-M7\jersey-common-3.1.0-M7.jar;C:\Users\Antoine\.m2\repository\jakarta\annotation\jakarta.annotation-api\2.1.1\jakarta.annotation-api-2.1.1.jar;C:\Users\Antoine\.m2\repository\org\glassfish\hk2\osgi-resource-locator\1.0.3\osgi-resource-locator-1.0.3.jar;C:\Users\Antoine\.m2\repository\org\glassfish\jersey\core\jersey-server\3.1.0-M7\jersey-server-3.1.0-M7.jar;C:\Users\Antoine\.m2\repository\org\glassfish\jersey\core\jersey-client\3.1.0-M7\jersey-client-3.1.0-M7.jar;C:\Users\Antoine\.m2\repository\jakarta\ws\rs\jakarta.ws.rs-api\3.1.0\jakarta.ws.rs-api-3.1.0.jar;C:\Users\Antoine\.m2\repository\org\glassfish\jersey\inject\jersey-hk2\3.1.0-M7\jersey-hk2-3.1.0-M7.jar;C:\Users\Antoine\.m2\repository\org\glassfish\hk2\hk2-locator\3.0.3\hk2-locator-3.0.3.jar;C:\Users\Antoine\.m2\repository\org\glassfish\hk2\external\aopalliance-repackaged\3.0.3\aopalliance-repackaged-3.0.3.jar;C:\Users\Antoine\.m2\repository\org\glassfish\hk2\hk2-api\3.0.3\hk2-api-3.0.3.jar;C:\Users\Antoine\.m2\repository\org\glassfish\hk2\hk2-utils\3.0.3\hk2-utils-3.0.3.jar;C:\Users\Antoine\.m2\repository\org\javassist\javassist\3.28.0-GA\javassist-3.28.0-GA.jar;C:\Users\Antoine\.m2\repository\org\glassfish\jersey\media\jersey-media-json-jackson\3.1.0-M7\jersey-media-json-jackson-3.1.0-M7.jar;C:\Users\Antoine\.m2\repository\org\glassfish\jersey\ext\jersey-entity-filtering\3.1.0-M7\jersey-entity-filtering-3.1.0-M7.jar;C:\Users\Antoine\.m2\repository\com\fasterxml\jackson\core\jackson-annotations\2.13.3\jackson-annotations-2.13.3.jar;C:\Users\Antoine\.m2\repository\com\fasterxml\jackson\core\jackson-databind\2.13.3\jackson-databind-2.13.3.jar;C:\Users\Antoine\.m2\repository\com\fasterxml\jackson\core\jackson-core\2.13.3\jackson-core-2.13.3.jar;C:\Users\Antoine\.m2\repository\com\fasterxml\jackson\module\jackson-module-jakarta-xmlbind-annotations\2.13.3\jackson-module-jakarta-xmlbind-annotations-2.13.3.jar;C:\Users\Antoine\.m2\repository\com\sun\activation\jakarta.activation\2.0.1\jakarta.activation-2.0.1.jar;C:\Users\Antoine\.m2\repository\jakarta\xml\bind\jakarta.xml.bind-api\4.0.0\jakarta.xml.bind-api-4.0.0.jar;C:\Users\Antoine\.m2\repository\jakarta\activation\jakarta.activation-api\2.1.0\jakarta.activation-api-2.1.0.jar;C:\Users\Antoine\.m2\repository\jakarta\servlet\jakarta.servlet-api\5.0.0\jakarta.servlet-api-5.0.0.jar;C:\Users\Antoine\.m2\repository\com\google\guava\guava\31.1-jre\guava-31.1-jre.jar;C:\Users\Antoine\.m2\repository\com\google\guava\failureaccess\1.0.1\failureaccess-1.0.1.jar;C:\Users\Antoine\.m2\repository\com\google\guava\listenablefuture\9999.0-empty-to-avoid-conflict-with-guava\listenablefuture-9999.0-empty-to-avoid-conflict-with-guava.jar;C:\Users\Antoine\.m2\repository\com\google\code\findbugs\jsr305\3.0.2\jsr305-3.0.2.jar;C:\Users\Antoine\.m2\repository\org\checkerframework\checker-qual\3.12.0\checker-qual-3.12.0.jar;C:\Users\Antoine\.m2\repository\com\google\errorprone\error_prone_annotations\2.11.0\error_prone_annotations-2.11.0.jar;C:\Users\Antoine\.m2\repository\com\google\j2objc\j2objc-annotations\1.3\j2objc-annotations-1.3.jar;C:\Users\Antoine\.m2\repository\org\glassfish\jersey\ext\jersey-bean-validation\3.1.0-M7\jersey-bean-validation-3.1.0-M7.jar;C:\Users\Antoine\.m2\repository\jakarta\validation\jakarta.validation-api\3.0.2\jakarta.validation-api-3.0.2.jar;C:\Users\Antoine\.m2\repository\org\hibernate\validator\hibernate-validator\8.0.0.Alpha1\hibernate-validator-8.0.0.Alpha1.jar;C:\Users\Antoine\.m2\repository\org\jboss\logging\jboss-logging\3.4.1.Final\jboss-logging-3.4.1.Final.jar;C:\Users\Antoine\.m2\repository\com\fasterxml\classmate\1.5.1\classmate-1.5.1.jar;C:\Users\Antoine\.m2\repository\jakarta\el\jakarta.el-api\5.0.0\jakarta.el-api-5.0.0.jar;C:\Users\Antoine\.m2\repository\org\glassfish\jakarta.el\5.0.0-M1\jakarta.el-5.0.0-M1.jar;C:\Users\Antoine\.m2\repository\org\slf4j\slf4j-api\2.0.0\slf4j-api-2.0.0.jar;C:\Users\Antoine\.m2\repository\org\slf4j\slf4j-simple\2.0.0\slf4j-simple-2.0.0.jar;C:\Users\Antoine\.m2\repository\org\junit\jupiter\junit-jupiter-api\5.9.0\junit-jupiter-api-5.9.0.jar;C:\Users\Antoine\.m2\repository\org\opentest4j\opentest4j\1.2.0\opentest4j-1.2.0.jar;C:\Users\Antoine\.m2\repository\org\junit\platform\junit-platform-commons\1.9.0\junit-platform-commons-1.9.0.jar;C:\Users\Antoine\.m2\repository\org\apiguardian\apiguardian-api\1.1.2\apiguardian-api-1.1.2.jar;C:\Users\Antoine\.m2\repository\org\mockito\mockito-core\4.8.0\mockito-core-4.8.0.jar;C:\Users\Antoine\.m2\repository\net\bytebuddy\byte-buddy\1.12.14\byte-buddy-1.12.14.jar;C:\Users\Antoine\.m2\repository\net\bytebuddy\byte-buddy-agent\1.12.14\byte-buddy-agent-1.12.14.jar;C:\Users\Antoine\.m2\repository\org\objenesis\objenesis\3.2\objenesis-3.2.jar;C:\Users\Antoine\.m2\repository\org\mockito\mockito-junit-jupiter\4.8.0\mockito-junit-jupiter-4.8.0.jar;C:\Users\Antoine\.m2\repository\org\assertj\assertj-core\3.23.1\assertj-core-3.23.1.jar;C:\Users\Antoine\.m2\repository\io\rest-assured\rest-assured\5.2.0\rest-assured-5.2.0.jar;C:\Users\Antoine\.m2\repository\org\apache\groovy\groovy\4.0.1\groovy-4.0.1.jar;C:\Users\Antoine\.m2\repository\org\apache\groovy\groovy-xml\4.0.1\groovy-xml-4.0.1.jar;C:\Users\Antoine\.m2\repository\org\apache\httpcomponents\httpclient\4.5.13\httpclient-4.5.13.jar;C:\Users\Antoine\.m2\repository\org\apache\httpcomponents\httpcore\4.4.13\httpcore-4.4.13.jar;C:\Users\Antoine\.m2\repository\commons-logging\commons-logging\1.2\commons-logging-1.2.jar;C:\Users\Antoine\.m2\repository\commons-codec\commons-codec\1.11\commons-codec-1.11.jar;C:\Users\Antoine\.m2\repository\org\apache\httpcomponents\httpmime\4.5.13\httpmime-4.5.13.jar;C:\Users\Antoine\.m2\repository\org\hamcrest\hamcrest\2.1\hamcrest-2.1.jar;C:\Users\Antoine\.m2\repository\org\ccil\cowan\tagsoup\tagsoup\1.2.1\tagsoup-1.2.1.jar;C:\Users\Antoine\.m2\repository\io\rest-assured\json-path\5.2.0\json-path-5.2.0.jar;C:\Users\Antoine\.m2\repository\org\apache\groovy\groovy-json\4.0.1\groovy-json-4.0.1.jar;C:\Users\Antoine\.m2\repository\io\rest-assured\rest-assured-common\5.2.0\rest-assured-common-5.2.0.jar;C:\Users\Antoine\.m2\repository\io\rest-assured\xml-path\5.2.0\xml-path-5.2.0.jar;C:\Users\Antoine\.m2\repository\org\apache\commons\commons-lang3\3.11\commons-lang3-3.11.jar;C:\Users\Antoine\.m2\repository\io\jsonwebtoken\jjwt-api\0.11.5\jjwt-api-0.11.5.jar;C:\Users\Antoine\.m2\repository\io\jsonwebtoken\jjwt-impl\0.11.5\jjwt-impl-0.11.5.jar;C:\Users\Antoine\.m2\repository\io\jsonwebtoken\jjwt-jackson\0.11.5\jjwt-jackson-0.11.5.jar;C:\Users\Antoine\.m2\repository\com\sun\mail\javax.mail\1.6.2\javax.mail-1.6.2.jar;C:\Users\Antoine\.m2\repository\javax\activation\activation\1.1\activation-1.1.jar;"/>
    <property name="java.vm.vendor" value="Oracle Corporation"/>
    <property name="sun.arch.data.model" value="64"/>
    <property name="user.variant" value=""/>
    <property name="java.vendor.url" value="https://java.oracle.com/"/>
    <property name="user.timezone" value="America/Indianapolis"/>
    <property name="os.name" value="Windows 10"/>
    <property name="java.vm.specification.version" value="18"/>
    <property name="sun.java.launcher" value="SUN_STANDARD"/>
    <property name="user.country" value="FR"/>
    <property name="sun.boot.library.path" value="C:\Program Files\Java\jdk-18.0.2.1\bin"/>
    <property name="sun.java.command" value="C:\Users\Antoine\AppData\Local\Temp\surefire10511804875820734473\surefirebooter-20221215180355852_3.jar C:\Users\Antoine\AppData\Local\Temp\surefire10511804875820734473 2022-12-15T18-03-55_719-jvmRun1 surefire-20221215180355852_1tmp surefire_0-20221215180355852_2tmp"/>
    <property name="jdk.debug" value="release"/>
    <property name="surefire.test.class.path" value="C:\Users\Antoine\Programmation\Ecole\4A_Polytech\Architecture logicielle\SULVLO\target\test-classes;C:\Users\Antoine\Programmation\Ecole\4A_Polytech\Architecture logicielle\SULVLO\target\application.jar;C:\Users\Antoine\.m2\repository\org\glassfish\jersey\containers\jersey-container-jetty-http\3.1.0-M7\jersey-container-jetty-http-3.1.0-M7.jar;C:\Users\Antoine\.m2\repository\jakarta\inject\jakarta.inject-api\2.0.1\jakarta.inject-api-2.0.1.jar;C:\Users\Antoine\.m2\repository\org\eclipse\jetty\jetty-server\11.0.9\jetty-server-11.0.9.jar;C:\Users\Antoine\.m2\repository\org\eclipse\jetty\jetty-http\11.0.9\jetty-http-11.0.9.jar;C:\Users\Antoine\.m2\repository\org\eclipse\jetty\jetty-io\11.0.9\jetty-io-11.0.9.jar;C:\Users\Antoine\.m2\repository\org\eclipse\jetty\jetty-util\11.0.9\jetty-util-11.0.9.jar;C:\Users\Antoine\.m2\repository\org\glassfish\jersey\core\jersey-common\3.1.0-M7\jersey-common-3.1.0-M7.jar;C:\Users\Antoine\.m2\repository\jakarta\annotation\jakarta.annotation-api\2.1.1\jakarta.annotation-api-2.1.1.jar;C:\Users\Antoine\.m2\repository\org\glassfish\hk2\osgi-resource-locator\1.0.3\osgi-resource-locator-1.0.3.jar;C:\Users\Antoine\.m2\repository\org\glassfish\jersey\core\jersey-server\3.1.0-M7\jersey-server-3.1.0-M7.jar;C:\Users\Antoine\.m2\repository\org\glassfish\jersey\core\jersey-client\3.1.0-M7\jersey-client-3.1.0-M7.jar;C:\Users\Antoine\.m2\repository\jakarta\ws\rs\jakarta.ws.rs-api\3.1.0\jakarta.ws.rs-api-3.1.0.jar;C:\Users\Antoine\.m2\repository\org\glassfish\jersey\inject\jersey-hk2\3.1.0-M7\jersey-hk2-3.1.0-M7.jar;C:\Users\Antoine\.m2\repository\org\glassfish\hk2\hk2-locator\3.0.3\hk2-locator-3.0.3.jar;C:\Users\Antoine\.m2\repository\org\glassfish\hk2\external\aopalliance-repackaged\3.0.3\aopalliance-repackaged-3.0.3.jar;C:\Users\Antoine\.m2\repository\org\glassfish\hk2\hk2-api\3.0.3\hk2-api-3.0.3.jar;C:\Users\Antoine\.m2\repository\org\glassfish\hk2\hk2-utils\3.0.3\hk2-utils-3.0.3.jar;C:\Users\Antoine\.m2\repository\org\javassist\javassist\3.28.0-GA\javassist-3.28.0-GA.jar;C:\Users\Antoine\.m2\repository\org\glassfish\jersey\media\jersey-media-json-jackson\3.1.0-M7\jersey-media-json-jackson-3.1.0-M7.jar;C:\Users\Antoine\.m2\repository\org\glassfish\jersey\ext\jersey-entity-filtering\3.1.0-M7\jersey-entity-filtering-3.1.0-M7.jar;C:\Users\Antoine\.m2\repository\com\fasterxml\jackson\core\jackson-annotations\2.13.3\jackson-annotations-2.13.3.jar;C:\Users\Antoine\.m2\repository\com\fasterxml\jackson\core\jackson-databind\2.13.3\jackson-databind-2.13.3.jar;C:\Users\Antoine\.m2\repository\com\fasterxml\jackson\core\jackson-core\2.13.3\jackson-core-2.13.3.jar;C:\Users\Antoine\.m2\repository\com\fasterxml\jackson\module\jackson-module-jakarta-xmlbind-annotations\2.13.3\jackson-module-jakarta-xmlbind-annotations-2.13.3.jar;C:\Users\Antoine\.m2\repository\com\sun\activation\jakarta.activation\2.0.1\jakarta.activation-2.0.1.jar;C:\Users\Antoine\.m2\repository\jakarta\xml\bind\jakarta.xml.bind-api\4.0.0\jakarta.xml.bind-api-4.0.0.jar;C:\Users\Antoine\.m2\repository\jakarta\activation\jakarta.activation-api\2.1.0\jakarta.activation-api-2.1.0.jar;C:\Users\Antoine\.m2\repository\jakarta\servlet\jakarta.servlet-api\5.0.0\jakarta.servlet-api-5.0.0.jar;C:\Users\Antoine\.m2\repository\com\google\guava\guava\31.1-jre\guava-31.1-jre.jar;C:\Users\Antoine\.m2\repository\com\google\guava\failureaccess\1.0.1\failureaccess-1.0.1.jar;C:\Users\Antoine\.m2\repository\com\google\guava\listenablefuture\9999.0-empty-to-avoid-conflict-with-guava\listenablefuture-9999.0-empty-to-avoid-conflict-with-guava.jar;C:\Users\Antoine\.m2\repository\com\google\code\findbugs\jsr305\3.0.2\jsr305-3.0.2.jar;C:\Users\Antoine\.m2\repository\org\checkerframework\checker-qual\3.12.0\checker-qual-3.12.0.jar;C:\Users\Antoine\.m2\repository\com\google\errorprone\error_prone_annotations\2.11.0\error_prone_annotations-2.11.0.jar;C:\Users\Antoine\.m2\repository\com\google\j2objc\j2objc-annotations\1.3\j2objc-annotations-1.3.jar;C:\Users\Antoine\.m2\repository\org\glassfish\jersey\ext\jersey-bean-validation\3.1.0-M7\jersey-bean-validation-3.1.0-M7.jar;C:\Users\Antoine\.m2\repository\jakarta\validation\jakarta.validation-api\3.0.2\jakarta.validation-api-3.0.2.jar;C:\Users\Antoine\.m2\repository\org\hibernate\validator\hibernate-validator\8.0.0.Alpha1\hibernate-validator-8.0.0.Alpha1.jar;C:\Users\Antoine\.m2\repository\org\jboss\logging\jboss-logging\3.4.1.Final\jboss-logging-3.4.1.Final.jar;C:\Users\Antoine\.m2\repository\com\fasterxml\classmate\1.5.1\classmate-1.5.1.jar;C:\Users\Antoine\.m2\repository\jakarta\el\jakarta.el-api\5.0.0\jakarta.el-api-5.0.0.jar;C:\Users\Antoine\.m2\repository\org\glassfish\jakarta.el\5.0.0-M1\jakarta.el-5.0.0-M1.jar;C:\Users\Antoine\.m2\repository\org\slf4j\slf4j-api\2.0.0\slf4j-api-2.0.0.jar;C:\Users\Antoine\.m2\repository\org\slf4j\slf4j-simple\2.0.0\slf4j-simple-2.0.0.jar;C:\Users\Antoine\.m2\repository\org\junit\jupiter\junit-jupiter-api\5.9.0\junit-jupiter-api-5.9.0.jar;C:\Users\Antoine\.m2\repository\org\opentest4j\opentest4j\1.2.0\opentest4j-1.2.0.jar;C:\Users\Antoine\.m2\repository\org\junit\platform\junit-platform-commons\1.9.0\junit-platform-commons-1.9.0.jar;C:\Users\Antoine\.m2\repository\org\apiguardian\apiguardian-api\1.1.2\apiguardian-api-1.1.2.jar;C:\Users\Antoine\.m2\repository\org\mockito\mockito-core\4.8.0\mockito-core-4.8.0.jar;C:\Users\Antoine\.m2\repository\net\bytebuddy\byte-buddy\1.12.14\byte-buddy-1.12.14.jar;C:\Users\Antoine\.m2\repository\net\bytebuddy\byte-buddy-agent\1.12.14\byte-buddy-agent-1.12.14.jar;C:\Users\Antoine\.m2\repository\org\objenesis\objenesis\3.2\objenesis-3.2.jar;C:\Users\Antoine\.m2\repository\org\mockito\mockito-junit-jupiter\4.8.0\mockito-junit-jupiter-4.8.0.jar;C:\Users\Antoine\.m2\repository\org\assertj\assertj-core\3.23.1\assertj-core-3.23.1.jar;C:\Users\Antoine\.m2\repository\io\rest-assured\rest-assured\5.2.0\rest-assured-5.2.0.jar;C:\Users\Antoine\.m2\repository\org\apache\groovy\groovy\4.0.1\groovy-4.0.1.jar;C:\Users\Antoine\.m2\repository\org\apache\groovy\groovy-xml\4.0.1\groovy-xml-4.0.1.jar;C:\Users\Antoine\.m2\repository\org\apache\httpcomponents\httpclient\4.5.13\httpclient-4.5.13.jar;C:\Users\Antoine\.m2\repository\org\apache\httpcomponents\httpcore\4.4.13\httpcore-4.4.13.jar;C:\Users\Antoine\.m2\repository\commons-logging\commons-logging\1.2\commons-logging-1.2.jar;C:\Users\Antoine\.m2\repository\commons-codec\commons-codec\1.11\commons-codec-1.11.jar;C:\Users\Antoine\.m2\repository\org\apache\httpcomponents\httpmime\4.5.13\httpmime-4.5.13.jar;C:\Users\Antoine\.m2\repository\org\hamcrest\hamcrest\2.1\hamcrest-2.1.jar;C:\Users\Antoine\.m2\repository\org\ccil\cowan\tagsoup\tagsoup\1.2.1\tagsoup-1.2.1.jar;C:\Users\Antoine\.m2\repository\io\rest-assured\json-path\5.2.0\json-path-5.2.0.jar;C:\Users\Antoine\.m2\repository\org\apache\groovy\groovy-json\4.0.1\groovy-json-4.0.1.jar;C:\Users\Antoine\.m2\repository\io\rest-assured\rest-assured-common\5.2.0\rest-assured-common-5.2.0.jar;C:\Users\Antoine\.m2\repository\io\rest-assured\xml-path\5.2.0\xml-path-5.2.0.jar;C:\Users\Antoine\.m2\repository\org\apache\commons\commons-lang3\3.11\commons-lang3-3.11.jar;C:\Users\Antoine\.m2\repository\io\jsonwebtoken\jjwt-api\0.11.5\jjwt-api-0.11.5.jar;C:\Users\Antoine\.m2\repository\io\jsonwebtoken\jjwt-impl\0.11.5\jjwt-impl-0.11.5.jar;C:\Users\Antoine\.m2\repository\io\jsonwebtoken\jjwt-jackson\0.11.5\jjwt-jackson-0.11.5.jar;C:\Users\Antoine\.m2\repository\com\sun\mail\javax.mail\1.6.2\javax.mail-1.6.2.jar;C:\Users\Antoine\.m2\repository\javax\activation\activation\1.1\activation-1.1.jar;"/>
    <property name="sun.cpu.endian" value="little"/>
    <property name="user.home" value="C:\Users\Antoine"/>
    <property name="user.language" value="fr"/>
    <property name="java.specification.vendor" value="Oracle Corporation"/>
    <property name="java.version.date" value="2022-08-18"/>
    <property name="java.home" value="C:\Program Files\Java\jdk-18.0.2.1"/>
    <property name="file.separator" value="\"/>
    <property name="basedir" value="C:\Users\Antoine\Programmation\Ecole\4A_Polytech\Architecture logicielle\SULVLO"/>
    <property name="java.vm.compressedOopsMode" value="Zero based"/>
    <property name="line.separator" value="&#10;"/>
    <property name="java.vm.specification.vendor" value="Oracle Corporation"/>
    <property name="java.specification.name" value="Java Platform API Specification"/>
    <property name="surefire.real.class.path" value="C:\Users\Antoine\AppData\Local\Temp\surefire10511804875820734473\surefirebooter-20221215180355852_3.jar"/>
    <property name="user.script" value=""/>
    <property name="sun.management.compiler" value="HotSpot 64-Bit Tiered Compilers"/>
    <property name="java.runtime.version" value="18.0.2.1+1-1"/>
    <property name="user.name" value="Antoine"/>
    <property name="path.separator" value=";"/>
    <property name="os.version" value="10.0"/>
    <property name="java.runtime.name" value="Java(TM) SE Runtime Environment"/>
    <property name="file.encoding" value="UTF-8"/>
    <property name="java.vm.name" value="Java HotSpot(TM) 64-Bit Server VM"/>
    <property name="localRepository" value="C:\Users\Antoine\.m2\repository"/>
    <property name="java.vendor.url.bug" value="https://bugreport.java.com/bugreport/"/>
    <property name="jetty.git.hash" value="243a48a658a183130a8c8de353178d154ca04f04"/>
    <property name="java.io.tmpdir" value="C:\Users\Antoine\AppData\Local\Temp\"/>
    <property name="java.version" value="18.0.2.1"/>
    <property name="user.dir" value="C:\Users\Antoine\Programmation\Ecole\4A_Polytech\Architecture logicielle\SULVLO"/>
    <property name="os.arch" value="amd64"/>
    <property name="java.vm.specification.name" value="Java Virtual Machine Specification"/>
    <property name="sun.os.patch.level" value=""/>
    <property name="native.encoding" value="Cp1252"/>
    <property name="java.library.path" value="C:\Program Files\Java\jdk-18.0.2.1\bin;C:\WINDOWS\Sun\Java\bin;C:\WINDOWS\system32;C:\WINDOWS;C:\Users\Antoine\bin;C:\Program Files\Git\mingw64\bin;C:\Program Files\Git\usr\local\bin;C:\Program Files\Git\usr\bin;C:\Program Files\Git\usr\bin;C:\Program Files\Git\mingw64\bin;C:\Program Files\Git\usr\bin;C:\Users\Antoine\bin;C:\Program Files (x86)\VMware\VMware Player\bin;C:\Program Files\Common Files\Oracle\Java\javapath;C:\Program Files (x86)\Common Files\Oracle\Java\javapath;C:\Windows\system32;C:\Windows;C:\Windows\System32\Wbem;C:\Windows\System32\WindowsPowerShell\v1.0;C:\Windows\System32\OpenSSH;C:\Program Files (x86)\NVIDIA Corporation\PhysX\Common;C:\Program Files\Intel\WiFi\bin;C:\Program Files\Common Files\Intel\WirelessCommon;C:\WINDOWS\system32;C:\WINDOWS;C:\WINDOWS\System32\Wbem;C:\WINDOWS\System32\WindowsPowerShell\v1.0;C:\WINDOWS\System32\OpenSSH;C:\Program Files\Microsoft SQL Server\110\Tools\Binn;C:\Program Files\NVIDIA Corporation\NVIDIA NvDLISR;C:\Program Files\Git\cmd;C:\Program Files (x86)\Java\jre7\bin;C:\Program Files (x86)\Java\jre1.8.0_271\bin;C:\Program Files (x86)\Java\jdk1.7\bin;C:\Program Files\Java\jdk-17\bin;C:\Users\Antoine\Programmation\apache-maven-3.8.4\bin;C:\Program Files\nodejs;C:\Program Files\dotnet;C:\Users\Antoine\AppData\Local\Microsoft\WindowsApps;C:\Users\Antoine\AppData\Local\Programs\Microsoft VS Code\bin;C:\Program Files (x86)\Java\jdk1.7\bi;.;C:\Program Files (x86)\Java\jre1.8.0_271\bi;.;C:\Program Files (x86)\Java\jre7\bin;.;C:\Program Files\Java\jdk-17\bin;C:\Users\Antoine\Programmation\apache-maven-3.8.4\bin;C:\Users\Antoine\AppData\Roaming\npm;C:\Program Files\JetBrains\PyCharm 2021.3.2\bin;C:\Program Files\JetBrains\CLion 2022.1\bin;C:\Users\Antoine\AppData\Local\GitHubDesktop\bin;C:\Program Files\Git\usr\bin\vendor_perl;C:\Program Files\Git\usr\bin\core_perl;."/>
    <property name="java.vm.info" value="mixed mode, sharing"/>
    <property name="java.vendor" value="Oracle Corporation"/>
    <property name="java.vm.version" value="18.0.2.1+1-1"/>
    <property name="sun.io.unicode.encoding" value="UnicodeLittle"/>
    <property name="java.class.version" value="62.0"/>
  </properties>
  <testcase name="whenGettingSubscriptions_thenReturnsSubscriptions" classname="ca.ulaval.glo4003.subscription.SubscriptionResourceIT" time="0.549">
    <system-out><![CDATA[Request method:	GET
Request URI:	http://localhost:8080/subscriptions
Proxy:			<none>
Request params:	<none>
Query params:	<none>
Form params:	<none>
Path params:	<none>
Headers:		Authorization=Bearer eyJhbGciOiJIUzI1NiJ9.eyJpc3MiOiJTVUxWTE8iLCJzdWIiOiIxMTExMTExMTEiLCJpYXQiOjE2NzExNDU0NDMsImV4cCI6MTY3MTE1MjY0Mywicm9sZSI6IkRFRkFVTFQifQ.y-eWPhjfZeo57Z0mVsjoReEDNrkU58O6efmXAbsdX4A
				Accept=*/*
				Content-Type=application/json
Cookies:		<none>
Multiparts:		<none>
Body:			<none>
Request method:	GET
Request URI:	http://localhost:8080/subscriptions
Proxy:			<none>
Request params:	<none>
Query params:	<none>
Form params:	<none>
Path params:	<none>
Headers:		Authorization=Bearer eyJhbGciOiJIUzI1NiJ9.eyJpc3MiOiJTVUxWTE8iLCJzdWIiOiIxMTExMTExMTEiLCJpYXQiOjE2NzExNDU0NDMsImV4cCI6MTY3MTE1MjY0Mywicm9sZSI6IkRFRkFVTFQifQ.y-eWPhjfZeo57Z0mVsjoReEDNrkU58O6efmXAbsdX4A
				Accept=*/*
				Content-Type=application/json
Cookies:		<none>
Multiparts:		<none>
Body:			<none>
Request method:	GET
Request URI:	http://localhost:8080/subscriptions
Proxy:			<none>
Request params:	<none>
Query params:	<none>
Form params:	<none>
Path params:	<none>
Headers:		Authorization=Bearer eyJhbGciOiJIUzI1NiJ9.eyJpc3MiOiJTVUxWTE8iLCJzdWIiOiIxMTExMTExMTEiLCJpYXQiOjE2NzExNDU0NDMsImV4cCI6MTY3MTE1MjY0Mywicm9sZSI6IkRFRkFVTFQifQ.y-eWPhjfZeo57Z0mVsjoReEDNrkU58O6efmXAbsdX4A
				Accept=*/*
				Content-Type=application/json
Cookies:		<none>
Multiparts:		<none>
Body:			<none>
HTTP/1.1 200 OK
Date: Thu, 15 Dec 2022 23:04:03 GMT
Content-Type: application/json
Transfer-Encoding: chunked
Server: Jetty(11.0.9)

[
    {
        "semester": {
            "season": "AUTUMN",
            "year": 2022,
            "startDate": "2022-09-06",
            "endDate": "2022-12-16"
        },
        "travelTimeLimit": "UNLIMITED",
        "balance": 0.0
    }
]
HTTP/1.1 200 OK
Date: Thu, 15 Dec 2022 23:04:03 GMT
Content-Type: application/json
Transfer-Encoding: chunked
Server: Jetty(11.0.9)

[
    {
        "semester": {
            "season": "AUTUMN",
            "year": 2022,
            "startDate": "2022-09-06",
            "endDate": "2022-12-16"
        },
        "travelTimeLimit": "UNLIMITED",
        "balance": 0.0
    }
]
HTTP/1.1 200 OK
Date: Thu, 15 Dec 2022 23:04:03 GMT
Content-Type: application/json
Transfer-Encoding: chunked
Server: Jetty(11.0.9)

[
    {
        "semester": {
            "season": "AUTUMN",
            "year": 2022,
            "startDate": "2022-09-06",
            "endDate": "2022-12-16"
        },
        "travelTimeLimit": "UNLIMITED",
        "balance": 0.0
    }
]
]]></system-out>
    <system-err><![CDATA[[Thread-4] INFO ca.ulaval.glo4003.ApplicationMain - Setup resources (API)
[Thread-4] INFO ca.ulaval.glo4003.ApplicationMain - Setup user resource dependencies (DOMAIN + INFRASTRUCTURE)
[Thread-4] INFO ca.ulaval.glo4003.ApplicationMain - Setup subscription resource dependencies (DOMAIN + INFRASTRUCTURE)
[Thread-4] INFO ca.ulaval.glo4003.ApplicationMain - Setup code resource dependencies (DOMAIN + INFRASTRUCTURE)
[Thread-4] INFO ca.ulaval.glo4003.ApplicationMain - Setup trip resource dependencies (DOMAIN + INFRASTRUCTURE)
[Thread-4] INFO ca.ulaval.glo4003.ApplicationMain - Setup station resource dependencies (DOMAIN + INFRASTRUCTURE)
[Thread-4] INFO ca.ulaval.glo4003.ApplicationMain - Setup http server
déc. 15, 2022 6:04:02 PM org.glassfish.jersey.server.wadl.WadlFeature configure
WARNING: JAXBContext implementation could not be found. WADL feature is disabled.
[Thread-4] INFO org.eclipse.jetty.server.Server - jetty-11.0.9; built: 2022-03-30T17:44:47.085Z; git: 243a48a658a183130a8c8de353178d154ca04f04; jvm 18.0.2.1+1-1
jakarta.ws.rs.ProcessingException: Exception thrown when trying to create jetty server.
	at org.glassfish.jersey.jetty.JettyHttpContainerFactory.createServer(JettyHttpContainerFactory.java:284)
	at org.glassfish.jersey.jetty.JettyHttpContainerFactory.createServer(JettyHttpContainerFactory.java:111)
	at ca.ulaval.glo4003.ApplicationMain.main(ApplicationMain.java:146)
	at ca.ulaval.glo4003.subscription.SubscriptionResourceIT.lambda$setUp$0(SubscriptionResourceIT.java:46)
	at java.base/java.lang.Thread.run(Thread.java:833)
Caused by: java.io.IOException: Failed to bind to 0.0.0.0/0.0.0.0:8080
	at org.eclipse.jetty.server.ServerConnector.openAcceptChannel(ServerConnector.java:344)
	at org.eclipse.jetty.server.ServerConnector.open(ServerConnector.java:304)
	at org.eclipse.jetty.server.Server.lambda$doStart$0(Server.java:401)
	at java.base/java.util.stream.ForEachOps$ForEachOp$OfRef.accept(ForEachOps.java:183)
	at java.base/java.util.stream.ReferencePipeline$3$1.accept(ReferencePipeline.java:197)
	at java.base/java.util.stream.ReferencePipeline$2$1.accept(ReferencePipeline.java:179)
	at java.base/java.util.Spliterators$ArraySpliterator.forEachRemaining(Spliterators.java:992)
	at java.base/java.util.stream.AbstractPipeline.copyInto(AbstractPipeline.java:509)
	at java.base/java.util.stream.AbstractPipeline.wrapAndCopyInto(AbstractPipeline.java:499)
	at java.base/java.util.stream.ForEachOps$ForEachOp.evaluateSequential(ForEachOps.java:150)
	at java.base/java.util.stream.ForEachOps$ForEachOp$OfRef.evaluateSequential(ForEachOps.java:173)
	at java.base/java.util.stream.AbstractPipeline.evaluate(AbstractPipeline.java:234)
	at java.base/java.util.stream.ReferencePipeline.forEach(ReferencePipeline.java:596)
	at org.eclipse.jetty.server.Server.doStart(Server.java:397)
	at org.eclipse.jetty.util.component.AbstractLifeCycle.start(AbstractLifeCycle.java:93)
	at org.glassfish.jersey.jetty.JettyHttpContainerFactory.createServer(JettyHttpContainerFactory.java:282)
	... 4 more
Caused by: java.net.BindException: Address already in use: bind
	at java.base/sun.nio.ch.Net.bind0(Native Method)
	at java.base/sun.nio.ch.Net.bind(Net.java:555)
	at java.base/sun.nio.ch.ServerSocketChannelImpl.netBind(ServerSocketChannelImpl.java:337)
	at java.base/sun.nio.ch.ServerSocketChannelImpl.bind(ServerSocketChannelImpl.java:294)
	at org.eclipse.jetty.server.ServerConnector.openAcceptChannel(ServerConnector.java:339)
	... 19 more
]]></system-err>
  </testcase>
  <testcase name="whenCreatingSubscription_thenReturnsNoContentStatusCode" classname="ca.ulaval.glo4003.subscription.SubscriptionResourceIT" time="0.073">
    <system-out><![CDATA[Request method:	POST
Request URI:	http://localhost:8080/subscriptions
Proxy:			<none>
Request params:	<none>
Query params:	<none>
Form params:	<none>
Path params:	<none>
Headers:		Authorization=Bearer eyJhbGciOiJIUzI1NiJ9.eyJpc3MiOiJTVUxWTE8iLCJzdWIiOiIxMTExMTExMTEiLCJpYXQiOjE2NzExNDU0NDMsImV4cCI6MTY3MTE1MjY0Mywicm9sZSI6IkRFRkFVTFQifQ.y-eWPhjfZeo57Z0mVsjoReEDNrkU58O6efmXAbsdX4A
				Accept=*/*
				Content-Type=application/json
Cookies:		<none>
Multiparts:		<none>
Body:
{
    "travelTimePlan": 10,
    "semester": "H2024",
    "creditCard": {
        "ownerName": "bob",
        "number": "0000111122223333",
        "expiration": "03/23",
        "securityCode": "214"
    }
}
Request method:	POST
Request URI:	http://localhost:8080/subscriptions
Proxy:			<none>
Request params:	<none>
Query params:	<none>
Form params:	<none>
Path params:	<none>
Headers:		Authorization=Bearer eyJhbGciOiJIUzI1NiJ9.eyJpc3MiOiJTVUxWTE8iLCJzdWIiOiIxMTExMTExMTEiLCJpYXQiOjE2NzExNDU0NDMsImV4cCI6MTY3MTE1MjY0Mywicm9sZSI6IkRFRkFVTFQifQ.y-eWPhjfZeo57Z0mVsjoReEDNrkU58O6efmXAbsdX4A
				Accept=*/*
				Content-Type=application/json
Cookies:		<none>
Multiparts:		<none>
Body:
{
    "travelTimePlan": 10,
    "semester": "H2024",
    "creditCard": {
        "ownerName": "bob",
        "number": "0000111122223333",
        "expiration": "03/23",
        "securityCode": "214"
    }
}
Request method:	POST
Request URI:	http://localhost:8080/subscriptions
Proxy:			<none>
Request params:	<none>
Query params:	<none>
Form params:	<none>
Path params:	<none>
Headers:		Authorization=Bearer eyJhbGciOiJIUzI1NiJ9.eyJpc3MiOiJTVUxWTE8iLCJzdWIiOiIxMTExMTExMTEiLCJpYXQiOjE2NzExNDU0NDMsImV4cCI6MTY3MTE1MjY0Mywicm9sZSI6IkRFRkFVTFQifQ.y-eWPhjfZeo57Z0mVsjoReEDNrkU58O6efmXAbsdX4A
				Accept=*/*
				Content-Type=application/json
Cookies:		<none>
Multiparts:		<none>
Body:
{
    "travelTimePlan": 10,
    "semester": "H2024",
    "creditCard": {
        "ownerName": "bob",
        "number": "0000111122223333",
        "expiration": "03/23",
        "securityCode": "214"
    }
}
Executing transaction debiting 30,00$ from the provided credit card.
Sending email to test@gmail.com with subject Thanks for using SULVLO!: You paid 30,00$.
HTTP/1.1 204 No Content
Date: Thu, 15 Dec 2022 23:04:03 GMT
Server: Jetty(11.0.9)
HTTP/1.1 204 No Content
Date: Thu, 15 Dec 2022 23:04:03 GMT
Server: Jetty(11.0.9)
HTTP/1.1 204 No Content
Date: Thu, 15 Dec 2022 23:04:03 GMT
Server: Jetty(11.0.9)
]]></system-out>
  </testcase>
  <testcase name="givenUnauthorizedAccess_whenGettingSubscriptions_thenReturnsUnauthorizedStatusCode" classname="ca.ulaval.glo4003.subscription.SubscriptionResourceIT" time="0.018">
    <system-out><![CDATA[Request method:	GET
Request URI:	http://localhost:8080/subscriptions
Proxy:			<none>
Request params:	<none>
Query params:	<none>
Form params:	<none>
Path params:	<none>
Headers:		Accept=*/*
				Content-Type=application/json
Cookies:		<none>
Multiparts:		<none>
Body:			<none>
Request method:	GET
Request URI:	http://localhost:8080/subscriptions
Proxy:			<none>
Request params:	<none>
Query params:	<none>
Form params:	<none>
Path params:	<none>
Headers:		Accept=*/*
				Content-Type=application/json
Cookies:		<none>
Multiparts:		<none>
Body:			<none>
Request method:	GET
Request URI:	http://localhost:8080/subscriptions
Proxy:			<none>
Request params:	<none>
Query params:	<none>
Form params:	<none>
Path params:	<none>
Headers:		Accept=*/*
				Content-Type=application/json
Cookies:		<none>
Multiparts:		<none>
Body:			<none>
HTTP/1.1 401 Unauthorized
Date: Thu, 15 Dec 2022 23:04:03 GMT
Content-Type: application/json
Transfer-Encoding: chunked
Server: Jetty(11.0.9)

{
    "description": "Login is required."
}
HTTP/1.1 401 Unauthorized
Date: Thu, 15 Dec 2022 23:04:03 GMT
Content-Type: application/json
Transfer-Encoding: chunked
Server: Jetty(11.0.9)

{
    "description": "Login is required."
}
HTTP/1.1 401 Unauthorized
Date: Thu, 15 Dec 2022 23:04:03 GMT
Content-Type: application/json
Transfer-Encoding: chunked
Server: Jetty(11.0.9)

{
    "description": "Login is required."
}
]]></system-out>
  </testcase>
  <testcase name="givenUnauthorizedAccess_whenCreatingSubscription_thenReturnsUnauthorizedStatusCode" classname="ca.ulaval.glo4003.subscription.SubscriptionResourceIT" time="0.025">
    <system-out><![CDATA[Request method:	POST
Request URI:	http://localhost:8080/subscriptions
Proxy:			<none>
Request params:	<none>
Query params:	<none>
Form params:	<none>
Path params:	<none>
Headers:		Accept=*/*
				Content-Type=application/json
Cookies:		<none>
Multiparts:		<none>
Body:
{
    "travelTimePlan": 10,
    "semester": "H2024",
    "creditCard": {
        "ownerName": "bob",
        "number": "0000111122223333",
        "expiration": "03/23",
        "securityCode": "214"
    }
}
Request method:	POST
Request URI:	http://localhost:8080/subscriptions
Proxy:			<none>
Request params:	<none>
Query params:	<none>
Form params:	<none>
Path params:	<none>
Headers:		Accept=*/*
				Content-Type=application/json
Cookies:		<none>
Multiparts:		<none>
Body:
{
    "travelTimePlan": 10,
    "semester": "H2024",
    "creditCard": {
        "ownerName": "bob",
        "number": "0000111122223333",
        "expiration": "03/23",
        "securityCode": "214"
    }
}
Request method:	POST
Request URI:	http://localhost:8080/subscriptions
Proxy:			<none>
Request params:	<none>
Query params:	<none>
Form params:	<none>
Path params:	<none>
Headers:		Accept=*/*
				Content-Type=application/json
Cookies:		<none>
Multiparts:		<none>
Body:
{
    "travelTimePlan": 10,
    "semester": "H2024",
    "creditCard": {
        "ownerName": "bob",
        "number": "0000111122223333",
        "expiration": "03/23",
        "securityCode": "214"
    }
}
HTTP/1.1 401 Unauthorized
Date: Thu, 15 Dec 2022 23:04:03 GMT
Content-Type: application/json
Transfer-Encoding: chunked
Server: Jetty(11.0.9)

{
    "description": "Login is required."
}
HTTP/1.1 401 Unauthorized
Date: Thu, 15 Dec 2022 23:04:03 GMT
Content-Type: application/json
Transfer-Encoding: chunked
Server: Jetty(11.0.9)

{
    "description": "Login is required."
}
HTTP/1.1 401 Unauthorized
Date: Thu, 15 Dec 2022 23:04:03 GMT
Content-Type: application/json
Transfer-Encoding: chunked
Server: Jetty(11.0.9)

{
    "description": "Login is required."
}
]]></system-out>
  </testcase>
</testsuite>