<?xml version="1.0" encoding="UTF-8"?>
<testsuite xmlns:xsi="http://www.w3.org/2001/XMLSchema-instance" xsi:noNamespaceSchemaLocation="https://maven.apache.org/surefire/maven-failsafe-plugin/xsd/failsafe-test-report-3.0.xsd" version="3.0" name="ca.ulaval.glo4003.trip.TripResourceIT" time="1.24" tests="6" errors="0" skipped="0" failures="2">
  <properties>
    <property name="java.specification.version" value="18"/>
    <property name="sun.cpu.isalist" value="amd64"/>
    <property name="sun.jnu.encoding" value="Cp1252"/>
    <property name="java.class.path" value="C:\Users\Antoine\Programmation\Ecole\4A_Polytech\Architecture logicielle\SULVLO\target\test-classes;C:\Users\Antoine\Programmation\Ecole\4A_Polytech\Architecture logicielle\SULVLO\target\application.jar;C:\Users\Antoine\.m2\repository\org\glassfish\jersey\containers\jersey-container-jetty-http\3.1.0-M7\jersey-container-jetty-http-3.1.0-M7.jar;C:\Users\Antoine\.m2\repository\jakarta\inject\jakarta.inject-api\2.0.1\jakarta.inject-api-2.0.1.jar;C:\Users\Antoine\.m2\repository\org\eclipse\jetty\jetty-server\11.0.9\jetty-server-11.0.9.jar;C:\Users\Antoine\.m2\repository\org\eclipse\jetty\jetty-http\11.0.9\jetty-http-11.0.9.jar;C:\Users\Antoine\.m2\repository\org\eclipse\jetty\jetty-io\11.0.9\jetty-io-11.0.9.jar;C:\Users\Antoine\.m2\repository\org\eclipse\jetty\jetty-util\11.0.9\jetty-util-11.0.9.jar;C:\Users\Antoine\.m2\repository\org\glassfish\jersey\core\jersey-common\3.1.0-M7\jersey-common-3.1.0-M7.jar;C:\Users\Antoine\.m2\repository\jakarta\annotation\jakarta.annotation-api\2.1.1\jakarta.annotation-api-2.1.1.jar;C:\Users\Antoine\.m2\repository\org\glassfish\hk2\osgi-resource-locator\1.0.3\osgi-resource-locator-1.0.3.jar;C:\Users\Antoine\.m2\repository\org\glassfish\jersey\core\jersey-server\3.1.0-M7\jersey-server-3.1.0-M7.jar;C:\Users\Antoine\.m2\repository\org\glassfish\jersey\core\jersey-client\3.1.0-M7\jersey-client-3.1.0-M7.jar;C:\Users\Antoine\.m2\repository\jakarta\ws\rs\jakarta.ws.rs-api\3.1.0\jakarta.ws.rs-api-3.1.0.jar;C:\Users\Antoine\.m2\repository\org\glassfish\jersey\inject\jersey-hk2\3.1.0-M7\jersey-hk2-3.1.0-M7.jar;C:\Users\Antoine\.m2\repository\org\glassfish\hk2\hk2-locator\3.0.3\hk2-locator-3.0.3.jar;C:\Users\Antoine\.m2\repository\org\glassfish\hk2\external\aopalliance-repackaged\3.0.3\aopalliance-repackaged-3.0.3.jar;C:\Users\Antoine\.m2\repository\org\glassfish\hk2\hk2-api\3.0.3\hk2-api-3.0.3.jar;C:\Users\Antoine\.m2\repository\org\glassfish\hk2\hk2-utils\3.0.3\hk2-utils-3.0.3.jar;C:\Users\Antoine\.m2\repository\org\javassist\javassist\3.28.0-GA\javassist-3.28.0-GA.jar;C:\Users\Antoine\.m2\repository\org\glassfish\jersey\media\jersey-media-json-jackson\3.1.0-M7\jersey-media-json-jackson-3.1.0-M7.jar;C:\Users\Antoine\.m2\repository\org\glassfish\jersey\ext\jersey-entity-filtering\3.1.0-M7\jersey-entity-filtering-3.1.0-M7.jar;C:\Users\Antoine\.m2\repository\com\fasterxml\jackson\core\jackson-annotations\2.13.3\jackson-annotations-2.13.3.jar;C:\Users\Antoine\.m2\repository\com\fasterxml\jackson\core\jackson-databind\2.13.3\jackson-databind-2.13.3.jar;C:\Users\Antoine\.m2\repository\com\fasterxml\jackson\core\jackson-core\2.13.3\jackson-core-2.13.3.jar;C:\Users\Antoine\.m2\repository\com\fasterxml\jackson\module\jackson-module-jakarta-xmlbind-annotations\2.13.3\jackson-module-jakarta-xmlbind-annotations-2.13.3.jar;C:\Users\Antoine\.m2\repository\com\sun\activation\jakarta.activation\2.0.1\jakarta.activation-2.0.1.jar;C:\Users\Antoine\.m2\repository\jakarta\xml\bind\jakarta.xml.bind-api\4.0.0\jakarta.xml.bind-api-4.0.0.jar;C:\Users\Antoine\.m2\repository\jakarta\activation\jakarta.activation-api\2.1.0\jakarta.activation-api-2.1.0.jar;C:\Users\Antoine\.m2\repository\jakarta\servlet\jakarta.servlet-api\5.0.0\jakarta.servlet-api-5.0.0.jar;C:\Users\Antoine\.m2\repository\com\google\guava\guava\31.1-jre\guava-31.1-jre.jar;C:\Users\Antoine\.m2\repository\com\google\guava\failureaccess\1.0.1\failureaccess-1.0.1.jar;C:\Users\Antoine\.m2\repository\com\google\guava\listenablefuture\9999.0-empty-to-avoid-conflict-with-guava\listenablefuture-9999.0-empty-to-avoid-conflict-with-guava.jar;C:\Users\Antoine\.m2\repository\com\google\code\findbugs\jsr305\3.0.2\jsr305-3.0.2.jar;C:\Users\Antoine\.m2\repository\org\checkerframework\checker-qual\3.12.0\checker-qual-3.12.0.jar;C:\Users\Antoine\.m2\repository\com\google\errorprone\error_prone_annotations\2.11.0\error_prone_annotations-2.11.0.jar;C:\Users\Antoine\.m2\repository\com\google\j2objc\j2objc-annotations\1.3\j2objc-annotations-1.3.jar;C:\Users\Antoine\.m2\repository\org\glassfish\jersey\ext\jersey-bean-validation\3.1.0-M7\jersey-bean-validation-3.1.0-M7.jar;C:\Users\Antoine\.m2\repository\jakarta\validation\jakarta.validation-api\3.0.2\jakarta.validation-api-3.0.2.jar;C:\Users\Antoine\.m2\repository\org\hibernate\validator\hibernate-validator\8.0.0.Alpha1\hibernate-validator-8.0.0.Alpha1.jar;C:\Users\Antoine\.m2\repository\org\jboss\logging\jboss-logging\3.4.1.Final\jboss-logging-3.4.1.Final.jar;C:\Users\Antoine\.m2\repository\com\fasterxml\classmate\1.5.1\classmate-1.5.1.jar;C:\Users\Antoine\.m2\repository\jakarta\el\jakarta.el-api\5.0.0\jakarta.el-api-5.0.0.jar;C:\Users\Antoine\.m2\repository\org\glassfish\jakarta.el\5.0.0-M1\jakarta.el-5.0.0-M1.jar;C:\Users\Antoine\.m2\repository\org\slf4j\slf4j-api\2.0.0\slf4j-api-2.0.0.jar;C:\Users\Antoine\.m2\repository\org\slf4j\slf4j-simple\2.0.0\slf4j-simple-2.0.0.jar;C:\Users\Antoine\.m2\repository\org\junit\jupiter\junit-jupiter-api\5.9.0\junit-jupiter-api-5.9.0.jar;C:\Users\Antoine\.m2\repository\org\opentest4j\opentest4j\1.2.0\opentest4j-1.2.0.jar;C:\Users\Antoine\.m2\repository\org\junit\platform\junit-platform-commons\1.9.0\junit-platform-commons-1.9.0.jar;C:\Users\Antoine\.m2\repository\org\apiguardian\apiguardian-api\1.1.2\apiguardian-api-1.1.2.jar;C:\Users\Antoine\.m2\repository\org\mockito\mockito-core\4.8.0\mockito-core-4.8.0.jar;C:\Users\Antoine\.m2\repository\net\bytebuddy\byte-buddy\1.12.14\byte-buddy-1.12.14.jar;C:\Users\Antoine\.m2\repository\net\bytebuddy\byte-buddy-agent\1.12.14\byte-buddy-agent-1.12.14.jar;C:\Users\Antoine\.m2\repository\org\objenesis\objenesis\3.2\objenesis-3.2.jar;C:\Users\Antoine\.m2\repository\org\mockito\mockito-junit-jupiter\4.8.0\mockito-junit-jupiter-4.8.0.jar;C:\Users\Antoine\.m2\repository\org\assertj\assertj-core\3.23.1\assertj-core-3.23.1.jar;C:\Users\Antoine\.m2\repository\io\rest-assured\rest-assured\5.2.0\rest-assured-5.2.0.jar;C:\Users\Antoine\.m2\repository\org\apache\groovy\groovy\4.0.1\groovy-4.0.1.jar;C:\Users\Antoine\.m2\repository\org\apache\groovy\groovy-xml\4.0.1\groovy-xml-4.0.1.jar;C:\Users\Antoine\.m2\repository\org\apache\httpcomponents\httpclient\4.5.13\httpclient-4.5.13.jar;C:\Users\Antoine\.m2\repository\org\apache\httpcomponents\httpcore\4.4.13\httpcore-4.4.13.jar;C:\Users\Antoine\.m2\repository\commons-logging\commons-logging\1.2\commons-logging-1.2.jar;C:\Users\Antoine\.m2\repository\commons-codec\commons-codec\1.11\commons-codec-1.11.jar;C:\Users\Antoine\.m2\repository\org\apache\httpcomponents\httpmime\4.5.13\httpmime-4.5.13.jar;C:\Users\Antoine\.m2\repository\org\hamcrest\hamcrest\2.1\hamcrest-2.1.jar;C:\Users\Antoine\.m2\repository\org\ccil\cowan\tagsoup\tagsoup\1.2.1\tagsoup-1.2.1.jar;C:\Users\Antoine\.m2\repository\io\rest-assured\json-path\5.2.0\json-path-5.2.0.jar;C:\Users\Antoine\.m2\repository\org\apache\groovy\groovy-json\4.0.1\groovy-json-4.0.1.jar;C:\Users\Antoine\.m2\repository\io\rest-assured\rest-assured-common\5.2.0\rest-assured-common-5.2.0.jar;C:\Users\Antoine\.m2\repository\io\rest-assured\xml-path\5.2.0\xml-path-5.2.0.jar;C:\Users\Antoine\.m2\repository\org\apache\commons\commons-lang3\3.11\commons-lang3-3.11.jar;C:\Users\Antoine\.m2\repository\io\jsonwebtoken\jjwt-api\0.11.5\jjwt-api-0.11.5.jar;C:\Users\Antoine\.m2\repository\io\jsonwebtoken\jjwt-impl\0.11.5\jjwt-impl-0.11.5.jar;C:\Users\Antoine\.m2\repository\io\jsonwebtoken\jjwt-jackson\0.11.5\jjwt-jackson-0.11.5.jar;C:\Users\Antoine\.m2\repository\com\sun\mail\javax.mail\1.6.2\javax.mail-1.6.2.jar;C:\Users\Antoine\.m2\repository\javax\activation\activation\1.1\activation-1.1.jar;"/>
    <property name="java.vm.vendor" value="Oracle Corporation"/>
    <property name="sun.arch.data.model" value="64"/>
    <property name="user.variant" value=""/>
    <property name="java.vendor.url" value="https://java.oracle.com/"/>
    <property name="user.timezone" value="America/Indianapolis"/>
    <property name="os.name" value="Windows 10"/>
    <property name="java.vm.specification.version" value="18"/>
    <property name="sun.java.launcher" value="SUN_STANDARD"/>
    <property name="user.country" value="FR"/>
    <property name="sun.boot.library.path" value="C:\Program Files\Java\jdk-18.0.2.1\bin"/>
    <property name="sun.java.command" value="C:\Users\Antoine\AppData\Local\Temp\surefire10511804875820734473\surefirebooter-20221215180355852_3.jar C:\Users\Antoine\AppData\Local\Temp\surefire10511804875820734473 2022-12-15T18-03-55_719-jvmRun1 surefire-20221215180355852_1tmp surefire_0-20221215180355852_2tmp"/>
    <property name="jdk.debug" value="release"/>
    <property name="surefire.test.class.path" value="C:\Users\Antoine\Programmation\Ecole\4A_Polytech\Architecture logicielle\SULVLO\target\test-classes;C:\Users\Antoine\Programmation\Ecole\4A_Polytech\Architecture logicielle\SULVLO\target\application.jar;C:\Users\Antoine\.m2\repository\org\glassfish\jersey\containers\jersey-container-jetty-http\3.1.0-M7\jersey-container-jetty-http-3.1.0-M7.jar;C:\Users\Antoine\.m2\repository\jakarta\inject\jakarta.inject-api\2.0.1\jakarta.inject-api-2.0.1.jar;C:\Users\Antoine\.m2\repository\org\eclipse\jetty\jetty-server\11.0.9\jetty-server-11.0.9.jar;C:\Users\Antoine\.m2\repository\org\eclipse\jetty\jetty-http\11.0.9\jetty-http-11.0.9.jar;C:\Users\Antoine\.m2\repository\org\eclipse\jetty\jetty-io\11.0.9\jetty-io-11.0.9.jar;C:\Users\Antoine\.m2\repository\org\eclipse\jetty\jetty-util\11.0.9\jetty-util-11.0.9.jar;C:\Users\Antoine\.m2\repository\org\glassfish\jersey\core\jersey-common\3.1.0-M7\jersey-common-3.1.0-M7.jar;C:\Users\Antoine\.m2\repository\jakarta\annotation\jakarta.annotation-api\2.1.1\jakarta.annotation-api-2.1.1.jar;C:\Users\Antoine\.m2\repository\org\glassfish\hk2\osgi-resource-locator\1.0.3\osgi-resource-locator-1.0.3.jar;C:\Users\Antoine\.m2\repository\org\glassfish\jersey\core\jersey-server\3.1.0-M7\jersey-server-3.1.0-M7.jar;C:\Users\Antoine\.m2\repository\org\glassfish\jersey\core\jersey-client\3.1.0-M7\jersey-client-3.1.0-M7.jar;C:\Users\Antoine\.m2\repository\jakarta\ws\rs\jakarta.ws.rs-api\3.1.0\jakarta.ws.rs-api-3.1.0.jar;C:\Users\Antoine\.m2\repository\org\glassfish\jersey\inject\jersey-hk2\3.1.0-M7\jersey-hk2-3.1.0-M7.jar;C:\Users\Antoine\.m2\repository\org\glassfish\hk2\hk2-locator\3.0.3\hk2-locator-3.0.3.jar;C:\Users\Antoine\.m2\repository\org\glassfish\hk2\external\aopalliance-repackaged\3.0.3\aopalliance-repackaged-3.0.3.jar;C:\Users\Antoine\.m2\repository\org\glassfish\hk2\hk2-api\3.0.3\hk2-api-3.0.3.jar;C:\Users\Antoine\.m2\repository\org\glassfish\hk2\hk2-utils\3.0.3\hk2-utils-3.0.3.jar;C:\Users\Antoine\.m2\repository\org\javassist\javassist\3.28.0-GA\javassist-3.28.0-GA.jar;C:\Users\Antoine\.m2\repository\org\glassfish\jersey\media\jersey-media-json-jackson\3.1.0-M7\jersey-media-json-jackson-3.1.0-M7.jar;C:\Users\Antoine\.m2\repository\org\glassfish\jersey\ext\jersey-entity-filtering\3.1.0-M7\jersey-entity-filtering-3.1.0-M7.jar;C:\Users\Antoine\.m2\repository\com\fasterxml\jackson\core\jackson-annotations\2.13.3\jackson-annotations-2.13.3.jar;C:\Users\Antoine\.m2\repository\com\fasterxml\jackson\core\jackson-databind\2.13.3\jackson-databind-2.13.3.jar;C:\Users\Antoine\.m2\repository\com\fasterxml\jackson\core\jackson-core\2.13.3\jackson-core-2.13.3.jar;C:\Users\Antoine\.m2\repository\com\fasterxml\jackson\module\jackson-module-jakarta-xmlbind-annotations\2.13.3\jackson-module-jakarta-xmlbind-annotations-2.13.3.jar;C:\Users\Antoine\.m2\repository\com\sun\activation\jakarta.activation\2.0.1\jakarta.activation-2.0.1.jar;C:\Users\Antoine\.m2\repository\jakarta\xml\bind\jakarta.xml.bind-api\4.0.0\jakarta.xml.bind-api-4.0.0.jar;C:\Users\Antoine\.m2\repository\jakarta\activation\jakarta.activation-api\2.1.0\jakarta.activation-api-2.1.0.jar;C:\Users\Antoine\.m2\repository\jakarta\servlet\jakarta.servlet-api\5.0.0\jakarta.servlet-api-5.0.0.jar;C:\Users\Antoine\.m2\repository\com\google\guava\guava\31.1-jre\guava-31.1-jre.jar;C:\Users\Antoine\.m2\repository\com\google\guava\failureaccess\1.0.1\failureaccess-1.0.1.jar;C:\Users\Antoine\.m2\repository\com\google\guava\listenablefuture\9999.0-empty-to-avoid-conflict-with-guava\listenablefuture-9999.0-empty-to-avoid-conflict-with-guava.jar;C:\Users\Antoine\.m2\repository\com\google\code\findbugs\jsr305\3.0.2\jsr305-3.0.2.jar;C:\Users\Antoine\.m2\repository\org\checkerframework\checker-qual\3.12.0\checker-qual-3.12.0.jar;C:\Users\Antoine\.m2\repository\com\google\errorprone\error_prone_annotations\2.11.0\error_prone_annotations-2.11.0.jar;C:\Users\Antoine\.m2\repository\com\google\j2objc\j2objc-annotations\1.3\j2objc-annotations-1.3.jar;C:\Users\Antoine\.m2\repository\org\glassfish\jersey\ext\jersey-bean-validation\3.1.0-M7\jersey-bean-validation-3.1.0-M7.jar;C:\Users\Antoine\.m2\repository\jakarta\validation\jakarta.validation-api\3.0.2\jakarta.validation-api-3.0.2.jar;C:\Users\Antoine\.m2\repository\org\hibernate\validator\hibernate-validator\8.0.0.Alpha1\hibernate-validator-8.0.0.Alpha1.jar;C:\Users\Antoine\.m2\repository\org\jboss\logging\jboss-logging\3.4.1.Final\jboss-logging-3.4.1.Final.jar;C:\Users\Antoine\.m2\repository\com\fasterxml\classmate\1.5.1\classmate-1.5.1.jar;C:\Users\Antoine\.m2\repository\jakarta\el\jakarta.el-api\5.0.0\jakarta.el-api-5.0.0.jar;C:\Users\Antoine\.m2\repository\org\glassfish\jakarta.el\5.0.0-M1\jakarta.el-5.0.0-M1.jar;C:\Users\Antoine\.m2\repository\org\slf4j\slf4j-api\2.0.0\slf4j-api-2.0.0.jar;C:\Users\Antoine\.m2\repository\org\slf4j\slf4j-simple\2.0.0\slf4j-simple-2.0.0.jar;C:\Users\Antoine\.m2\repository\org\junit\jupiter\junit-jupiter-api\5.9.0\junit-jupiter-api-5.9.0.jar;C:\Users\Antoine\.m2\repository\org\opentest4j\opentest4j\1.2.0\opentest4j-1.2.0.jar;C:\Users\Antoine\.m2\repository\org\junit\platform\junit-platform-commons\1.9.0\junit-platform-commons-1.9.0.jar;C:\Users\Antoine\.m2\repository\org\apiguardian\apiguardian-api\1.1.2\apiguardian-api-1.1.2.jar;C:\Users\Antoine\.m2\repository\org\mockito\mockito-core\4.8.0\mockito-core-4.8.0.jar;C:\Users\Antoine\.m2\repository\net\bytebuddy\byte-buddy\1.12.14\byte-buddy-1.12.14.jar;C:\Users\Antoine\.m2\repository\net\bytebuddy\byte-buddy-agent\1.12.14\byte-buddy-agent-1.12.14.jar;C:\Users\Antoine\.m2\repository\org\objenesis\objenesis\3.2\objenesis-3.2.jar;C:\Users\Antoine\.m2\repository\org\mockito\mockito-junit-jupiter\4.8.0\mockito-junit-jupiter-4.8.0.jar;C:\Users\Antoine\.m2\repository\org\assertj\assertj-core\3.23.1\assertj-core-3.23.1.jar;C:\Users\Antoine\.m2\repository\io\rest-assured\rest-assured\5.2.0\rest-assured-5.2.0.jar;C:\Users\Antoine\.m2\repository\org\apache\groovy\groovy\4.0.1\groovy-4.0.1.jar;C:\Users\Antoine\.m2\repository\org\apache\groovy\groovy-xml\4.0.1\groovy-xml-4.0.1.jar;C:\Users\Antoine\.m2\repository\org\apache\httpcomponents\httpclient\4.5.13\httpclient-4.5.13.jar;C:\Users\Antoine\.m2\repository\org\apache\httpcomponents\httpcore\4.4.13\httpcore-4.4.13.jar;C:\Users\Antoine\.m2\repository\commons-logging\commons-logging\1.2\commons-logging-1.2.jar;C:\Users\Antoine\.m2\repository\commons-codec\commons-codec\1.11\commons-codec-1.11.jar;C:\Users\Antoine\.m2\repository\org\apache\httpcomponents\httpmime\4.5.13\httpmime-4.5.13.jar;C:\Users\Antoine\.m2\repository\org\hamcrest\hamcrest\2.1\hamcrest-2.1.jar;C:\Users\Antoine\.m2\repository\org\ccil\cowan\tagsoup\tagsoup\1.2.1\tagsoup-1.2.1.jar;C:\Users\Antoine\.m2\repository\io\rest-assured\json-path\5.2.0\json-path-5.2.0.jar;C:\Users\Antoine\.m2\repository\org\apache\groovy\groovy-json\4.0.1\groovy-json-4.0.1.jar;C:\Users\Antoine\.m2\repository\io\rest-assured\rest-assured-common\5.2.0\rest-assured-common-5.2.0.jar;C:\Users\Antoine\.m2\repository\io\rest-assured\xml-path\5.2.0\xml-path-5.2.0.jar;C:\Users\Antoine\.m2\repository\org\apache\commons\commons-lang3\3.11\commons-lang3-3.11.jar;C:\Users\Antoine\.m2\repository\io\jsonwebtoken\jjwt-api\0.11.5\jjwt-api-0.11.5.jar;C:\Users\Antoine\.m2\repository\io\jsonwebtoken\jjwt-impl\0.11.5\jjwt-impl-0.11.5.jar;C:\Users\Antoine\.m2\repository\io\jsonwebtoken\jjwt-jackson\0.11.5\jjwt-jackson-0.11.5.jar;C:\Users\Antoine\.m2\repository\com\sun\mail\javax.mail\1.6.2\javax.mail-1.6.2.jar;C:\Users\Antoine\.m2\repository\javax\activation\activation\1.1\activation-1.1.jar;"/>
    <property name="sun.cpu.endian" value="little"/>
    <property name="user.home" value="C:\Users\Antoine"/>
    <property name="user.language" value="fr"/>
    <property name="java.specification.vendor" value="Oracle Corporation"/>
    <property name="java.version.date" value="2022-08-18"/>
    <property name="java.home" value="C:\Program Files\Java\jdk-18.0.2.1"/>
    <property name="file.separator" value="\"/>
    <property name="basedir" value="C:\Users\Antoine\Programmation\Ecole\4A_Polytech\Architecture logicielle\SULVLO"/>
    <property name="java.vm.compressedOopsMode" value="Zero based"/>
    <property name="line.separator" value="&#10;"/>
    <property name="java.vm.specification.vendor" value="Oracle Corporation"/>
    <property name="java.specification.name" value="Java Platform API Specification"/>
    <property name="surefire.real.class.path" value="C:\Users\Antoine\AppData\Local\Temp\surefire10511804875820734473\surefirebooter-20221215180355852_3.jar"/>
    <property name="user.script" value=""/>
    <property name="sun.management.compiler" value="HotSpot 64-Bit Tiered Compilers"/>
    <property name="java.runtime.version" value="18.0.2.1+1-1"/>
    <property name="user.name" value="Antoine"/>
    <property name="path.separator" value=";"/>
    <property name="os.version" value="10.0"/>
    <property name="java.runtime.name" value="Java(TM) SE Runtime Environment"/>
    <property name="file.encoding" value="UTF-8"/>
    <property name="java.vm.name" value="Java HotSpot(TM) 64-Bit Server VM"/>
    <property name="localRepository" value="C:\Users\Antoine\.m2\repository"/>
    <property name="java.vendor.url.bug" value="https://bugreport.java.com/bugreport/"/>
    <property name="jetty.git.hash" value="243a48a658a183130a8c8de353178d154ca04f04"/>
    <property name="java.io.tmpdir" value="C:\Users\Antoine\AppData\Local\Temp\"/>
    <property name="java.version" value="18.0.2.1"/>
    <property name="user.dir" value="C:\Users\Antoine\Programmation\Ecole\4A_Polytech\Architecture logicielle\SULVLO"/>
    <property name="os.arch" value="amd64"/>
    <property name="java.vm.specification.name" value="Java Virtual Machine Specification"/>
    <property name="sun.os.patch.level" value=""/>
    <property name="native.encoding" value="Cp1252"/>
    <property name="java.library.path" value="C:\Program Files\Java\jdk-18.0.2.1\bin;C:\WINDOWS\Sun\Java\bin;C:\WINDOWS\system32;C:\WINDOWS;C:\Users\Antoine\bin;C:\Program Files\Git\mingw64\bin;C:\Program Files\Git\usr\local\bin;C:\Program Files\Git\usr\bin;C:\Program Files\Git\usr\bin;C:\Program Files\Git\mingw64\bin;C:\Program Files\Git\usr\bin;C:\Users\Antoine\bin;C:\Program Files (x86)\VMware\VMware Player\bin;C:\Program Files\Common Files\Oracle\Java\javapath;C:\Program Files (x86)\Common Files\Oracle\Java\javapath;C:\Windows\system32;C:\Windows;C:\Windows\System32\Wbem;C:\Windows\System32\WindowsPowerShell\v1.0;C:\Windows\System32\OpenSSH;C:\Program Files (x86)\NVIDIA Corporation\PhysX\Common;C:\Program Files\Intel\WiFi\bin;C:\Program Files\Common Files\Intel\WirelessCommon;C:\WINDOWS\system32;C:\WINDOWS;C:\WINDOWS\System32\Wbem;C:\WINDOWS\System32\WindowsPowerShell\v1.0;C:\WINDOWS\System32\OpenSSH;C:\Program Files\Microsoft SQL Server\110\Tools\Binn;C:\Program Files\NVIDIA Corporation\NVIDIA NvDLISR;C:\Program Files\Git\cmd;C:\Program Files (x86)\Java\jre7\bin;C:\Program Files (x86)\Java\jre1.8.0_271\bin;C:\Program Files (x86)\Java\jdk1.7\bin;C:\Program Files\Java\jdk-17\bin;C:\Users\Antoine\Programmation\apache-maven-3.8.4\bin;C:\Program Files\nodejs;C:\Program Files\dotnet;C:\Users\Antoine\AppData\Local\Microsoft\WindowsApps;C:\Users\Antoine\AppData\Local\Programs\Microsoft VS Code\bin;C:\Program Files (x86)\Java\jdk1.7\bi;.;C:\Program Files (x86)\Java\jre1.8.0_271\bi;.;C:\Program Files (x86)\Java\jre7\bin;.;C:\Program Files\Java\jdk-17\bin;C:\Users\Antoine\Programmation\apache-maven-3.8.4\bin;C:\Users\Antoine\AppData\Roaming\npm;C:\Program Files\JetBrains\PyCharm 2021.3.2\bin;C:\Program Files\JetBrains\CLion 2022.1\bin;C:\Users\Antoine\AppData\Local\GitHubDesktop\bin;C:\Program Files\Git\usr\bin\vendor_perl;C:\Program Files\Git\usr\bin\core_perl;."/>
    <property name="java.vm.info" value="mixed mode, sharing"/>
    <property name="java.vendor" value="Oracle Corporation"/>
    <property name="java.vm.version" value="18.0.2.1+1-1"/>
    <property name="sun.io.unicode.encoding" value="UnicodeLittle"/>
    <property name="java.class.version" value="62.0"/>
  </properties>
  <testcase name="givenUnauthorizedAccess_whenEndingTrip_thenReturnsUnauthorizedStatusCode" classname="ca.ulaval.glo4003.trip.TripResourceIT" time="0.02">
    <system-out><![CDATA[Request method:	POST
Request URI:	http://localhost:8080/endTrip
Proxy:			<none>
Request params:	<none>
Query params:	<none>
Form params:	<none>
Path params:	<none>
Headers:		Accept=*/*
				Content-Type=application/json
Cookies:		<none>
Multiparts:		<none>
Body:
{
    "arrivalLocation": "Casault",
    "stationSlot": 1
}
Request method:	POST
Request URI:	http://localhost:8080/endTrip
Proxy:			<none>
Request params:	<none>
Query params:	<none>
Form params:	<none>
Path params:	<none>
Headers:		Accept=*/*
				Content-Type=application/json
Cookies:		<none>
Multiparts:		<none>
Body:
{
    "arrivalLocation": "Casault",
    "stationSlot": 1
}
Request method:	POST
Request URI:	http://localhost:8080/endTrip
Proxy:			<none>
Request params:	<none>
Query params:	<none>
Form params:	<none>
Path params:	<none>
Headers:		Accept=*/*
				Content-Type=application/json
Cookies:		<none>
Multiparts:		<none>
Body:
{
    "arrivalLocation": "Casault",
    "stationSlot": 1
}
Request method:	POST
Request URI:	http://localhost:8080/endTrip
Proxy:			<none>
Request params:	<none>
Query params:	<none>
Form params:	<none>
Path params:	<none>
Headers:		Accept=*/*
				Content-Type=application/json
Cookies:		<none>
Multiparts:		<none>
Body:
{
    "arrivalLocation": "Casault",
    "stationSlot": 1
}
HTTP/1.1 401 Unauthorized
Date: Thu, 15 Dec 2022 23:04:04 GMT
Content-Type: application/json
Transfer-Encoding: chunked
Server: Jetty(11.0.9)

{
    "description": "Login is required."
}
HTTP/1.1 401 Unauthorized
Date: Thu, 15 Dec 2022 23:04:04 GMT
Content-Type: application/json
Transfer-Encoding: chunked
Server: Jetty(11.0.9)

{
    "description": "Login is required."
}
HTTP/1.1 401 Unauthorized
Date: Thu, 15 Dec 2022 23:04:04 GMT
Content-Type: application/json
Transfer-Encoding: chunked
Server: Jetty(11.0.9)

{
    "description": "Login is required."
}
HTTP/1.1 401 Unauthorized
Date: Thu, 15 Dec 2022 23:04:04 GMT
Content-Type: application/json
Transfer-Encoding: chunked
Server: Jetty(11.0.9)

{
    "description": "Login is required."
}
]]></system-out>
    <system-err><![CDATA[[Thread-5] INFO ca.ulaval.glo4003.ApplicationMain - Setup resources (API)
[Thread-5] INFO ca.ulaval.glo4003.ApplicationMain - Setup user resource dependencies (DOMAIN + INFRASTRUCTURE)
[Thread-5] INFO ca.ulaval.glo4003.ApplicationMain - Setup subscription resource dependencies (DOMAIN + INFRASTRUCTURE)
[Thread-5] INFO ca.ulaval.glo4003.ApplicationMain - Setup code resource dependencies (DOMAIN + INFRASTRUCTURE)
[Thread-5] INFO ca.ulaval.glo4003.ApplicationMain - Setup trip resource dependencies (DOMAIN + INFRASTRUCTURE)
[Thread-5] INFO ca.ulaval.glo4003.ApplicationMain - Setup station resource dependencies (DOMAIN + INFRASTRUCTURE)
[Thread-5] INFO ca.ulaval.glo4003.ApplicationMain - Setup http server
déc. 15, 2022 6:04:04 PM org.glassfish.jersey.server.wadl.WadlFeature configure
WARNING: JAXBContext implementation could not be found. WADL feature is disabled.
[Thread-5] INFO org.eclipse.jetty.server.Server - jetty-11.0.9; built: 2022-03-30T17:44:47.085Z; git: 243a48a658a183130a8c8de353178d154ca04f04; jvm 18.0.2.1+1-1
jakarta.ws.rs.ProcessingException: Exception thrown when trying to create jetty server.
	at org.glassfish.jersey.jetty.JettyHttpContainerFactory.createServer(JettyHttpContainerFactory.java:284)
	at org.glassfish.jersey.jetty.JettyHttpContainerFactory.createServer(JettyHttpContainerFactory.java:111)
	at ca.ulaval.glo4003.ApplicationMain.main(ApplicationMain.java:146)
	at ca.ulaval.glo4003.trip.TripResourceIT.lambda$setUp$0(TripResourceIT.java:36)
	at java.base/java.lang.Thread.run(Thread.java:833)
Caused by: java.io.IOException: Failed to bind to 0.0.0.0/0.0.0.0:8080
	at org.eclipse.jetty.server.ServerConnector.openAcceptChannel(ServerConnector.java:344)
	at org.eclipse.jetty.server.ServerConnector.open(ServerConnector.java:304)
	at org.eclipse.jetty.server.Server.lambda$doStart$0(Server.java:401)
	at java.base/java.util.stream.ForEachOps$ForEachOp$OfRef.accept(ForEachOps.java:183)
	at java.base/java.util.stream.ReferencePipeline$3$1.accept(ReferencePipeline.java:197)
	at java.base/java.util.stream.ReferencePipeline$2$1.accept(ReferencePipeline.java:179)
	at java.base/java.util.Spliterators$ArraySpliterator.forEachRemaining(Spliterators.java:992)
	at java.base/java.util.stream.AbstractPipeline.copyInto(AbstractPipeline.java:509)
	at java.base/java.util.stream.AbstractPipeline.wrapAndCopyInto(AbstractPipeline.java:499)
	at java.base/java.util.stream.ForEachOps$ForEachOp.evaluateSequential(ForEachOps.java:150)
	at java.base/java.util.stream.ForEachOps$ForEachOp$OfRef.evaluateSequential(ForEachOps.java:173)
	at java.base/java.util.stream.AbstractPipeline.evaluate(AbstractPipeline.java:234)
	at java.base/java.util.stream.ReferencePipeline.forEach(ReferencePipeline.java:596)
	at org.eclipse.jetty.server.Server.doStart(Server.java:397)
	at org.eclipse.jetty.util.component.AbstractLifeCycle.start(AbstractLifeCycle.java:93)
	at org.glassfish.jersey.jetty.JettyHttpContainerFactory.createServer(JettyHttpContainerFactory.java:282)
	... 4 more
Caused by: java.net.BindException: Address already in use: bind
	at java.base/sun.nio.ch.Net.bind0(Native Method)
	at java.base/sun.nio.ch.Net.bind(Net.java:555)
	at java.base/sun.nio.ch.ServerSocketChannelImpl.netBind(ServerSocketChannelImpl.java:337)
	at java.base/sun.nio.ch.ServerSocketChannelImpl.bind(ServerSocketChannelImpl.java:294)
	at org.eclipse.jetty.server.ServerConnector.openAcceptChannel(ServerConnector.java:339)
	... 19 more
]]></system-err>
  </testcase>
  <testcase name="whenEndingTrip_thenReturnsNoContentStatusCode" classname="ca.ulaval.glo4003.trip.TripResourceIT" time="0.081">
    <failure message="1 expectation failed.&#10;Expected status code &lt;204&gt; but was &lt;404&gt;.&#10;" type="java.lang.AssertionError"><![CDATA[java.lang.AssertionError: 
1 expectation failed.
Expected status code <204> but was <404>.

	at java.base/jdk.internal.reflect.DirectConstructorHandleAccessor.newInstance(DirectConstructorHandleAccessor.java:67)
	at java.base/java.lang.reflect.Constructor.newInstanceWithCaller(Constructor.java:499)
	at java.base/java.lang.reflect.Constructor.newInstance(Constructor.java:483)
	at org.codehaus.groovy.reflection.CachedConstructor.invoke(CachedConstructor.java:73)
	at org.codehaus.groovy.runtime.callsite.ConstructorSite$ConstructorSiteNoUnwrapNoCoerce.callConstructor(ConstructorSite.java:108)
	at org.codehaus.groovy.runtime.callsite.CallSiteArray.defaultCallConstructor(CallSiteArray.java:58)
	at org.codehaus.groovy.runtime.callsite.AbstractCallSite.callConstructor(AbstractCallSite.java:263)
	at org.codehaus.groovy.runtime.callsite.AbstractCallSite.callConstructor(AbstractCallSite.java:277)
	at io.restassured.internal.ResponseSpecificationImpl$HamcrestAssertionClosure.validate(ResponseSpecificationImpl.groovy:512)
	at io.restassured.internal.ResponseSpecificationImpl$HamcrestAssertionClosure$validate$1.call(Unknown Source)
	at io.restassured.internal.ResponseSpecificationImpl.validateResponseIfRequired(ResponseSpecificationImpl.groovy:696)
	at io.restassured.internal.ResponseSpecificationImpl.this$2$validateResponseIfRequired(ResponseSpecificationImpl.groovy)
	at java.base/jdk.internal.reflect.DirectMethodHandleAccessor.invoke(DirectMethodHandleAccessor.java:104)
	at java.base/java.lang.reflect.Method.invoke(Method.java:577)
	at org.codehaus.groovy.runtime.callsite.PlainObjectMetaMethodSite.doInvoke(PlainObjectMetaMethodSite.java:43)
	at org.codehaus.groovy.runtime.callsite.PogoMetaMethodSite$PogoCachedMethodSiteNoUnwrapNoCoerce.invoke(PogoMetaMethodSite.java:198)
	at org.codehaus.groovy.runtime.callsite.PogoMetaMethodSite.callCurrent(PogoMetaMethodSite.java:62)
	at org.codehaus.groovy.runtime.callsite.AbstractCallSite.callCurrent(AbstractCallSite.java:185)
	at io.restassured.internal.ResponseSpecificationImpl.statusCode(ResponseSpecificationImpl.groovy:135)
	at io.restassured.specification.ResponseSpecification$statusCode$0.callCurrent(Unknown Source)
	at io.restassured.internal.ResponseSpecificationImpl.statusCode(ResponseSpecificationImpl.groovy:143)
	at io.restassured.internal.ValidatableResponseOptionsImpl.statusCode(ValidatableResponseOptionsImpl.java:89)
	at ca.ulaval.glo4003.trip.TripResourceIT.whenEndingTrip_thenReturnsNoContentStatusCode(TripResourceIT.java:90)
	at java.base/jdk.internal.reflect.DirectMethodHandleAccessor.invoke(DirectMethodHandleAccessor.java:104)
	at java.base/java.lang.reflect.Method.invoke(Method.java:577)
	at org.junit.platform.commons.util.ReflectionUtils.invokeMethod(ReflectionUtils.java:727)
	at org.junit.jupiter.engine.execution.MethodInvocation.proceed(MethodInvocation.java:60)
	at org.junit.jupiter.engine.execution.InvocationInterceptorChain$ValidatingInvocation.proceed(InvocationInterceptorChain.java:131)
	at org.junit.jupiter.engine.extension.TimeoutExtension.intercept(TimeoutExtension.java:156)
	at org.junit.jupiter.engine.extension.TimeoutExtension.interceptTestableMethod(TimeoutExtension.java:147)
	at org.junit.jupiter.engine.extension.TimeoutExtension.interceptTestMethod(TimeoutExtension.java:86)
	at org.junit.jupiter.engine.execution.InterceptingExecutableInvoker$ReflectiveInterceptorCall.lambda$ofVoidMethod$0(InterceptingExecutableInvoker.java:103)
	at org.junit.jupiter.engine.execution.InterceptingExecutableInvoker.lambda$invoke$0(InterceptingExecutableInvoker.java:93)
	at org.junit.jupiter.engine.execution.InvocationInterceptorChain$InterceptedInvocation.proceed(InvocationInterceptorChain.java:106)
	at org.junit.jupiter.engine.execution.InvocationInterceptorChain.proceed(InvocationInterceptorChain.java:64)
	at org.junit.jupiter.engine.execution.InvocationInterceptorChain.chainAndInvoke(InvocationInterceptorChain.java:45)
	at org.junit.jupiter.engine.execution.InvocationInterceptorChain.invoke(InvocationInterceptorChain.java:37)
	at org.junit.jupiter.engine.execution.InterceptingExecutableInvoker.invoke(InterceptingExecutableInvoker.java:92)
	at org.junit.jupiter.engine.execution.InterceptingExecutableInvoker.invoke(InterceptingExecutableInvoker.java:86)
	at org.junit.jupiter.engine.descriptor.TestMethodTestDescriptor.lambda$invokeTestMethod$7(TestMethodTestDescriptor.java:217)
	at org.junit.platform.engine.support.hierarchical.ThrowableCollector.execute(ThrowableCollector.java:73)
	at org.junit.jupiter.engine.descriptor.TestMethodTestDescriptor.invokeTestMethod(TestMethodTestDescriptor.java:213)
	at org.junit.jupiter.engine.descriptor.TestMethodTestDescriptor.execute(TestMethodTestDescriptor.java:138)
	at org.junit.jupiter.engine.descriptor.TestMethodTestDescriptor.execute(TestMethodTestDescriptor.java:68)
	at org.junit.platform.engine.support.hierarchical.NodeTestTask.lambda$executeRecursively$6(NodeTestTask.java:151)
	at org.junit.platform.engine.support.hierarchical.ThrowableCollector.execute(ThrowableCollector.java:73)
	at org.junit.platform.engine.support.hierarchical.NodeTestTask.lambda$executeRecursively$8(NodeTestTask.java:141)
	at org.junit.platform.engine.support.hierarchical.Node.around(Node.java:137)
	at org.junit.platform.engine.support.hierarchical.NodeTestTask.lambda$executeRecursively$9(NodeTestTask.java:139)
	at org.junit.platform.engine.support.hierarchical.ThrowableCollector.execute(ThrowableCollector.java:73)
	at org.junit.platform.engine.support.hierarchical.NodeTestTask.executeRecursively(NodeTestTask.java:138)
	at org.junit.platform.engine.support.hierarchical.NodeTestTask.execute(NodeTestTask.java:95)
	at java.base/java.util.ArrayList.forEach(ArrayList.java:1511)
	at org.junit.platform.engine.support.hierarchical.SameThreadHierarchicalTestExecutorService.invokeAll(SameThreadHierarchicalTestExecutorService.java:41)
	at org.junit.platform.engine.support.hierarchical.NodeTestTask.lambda$executeRecursively$6(NodeTestTask.java:155)
	at org.junit.platform.engine.support.hierarchical.ThrowableCollector.execute(ThrowableCollector.java:73)
	at org.junit.platform.engine.support.hierarchical.NodeTestTask.lambda$executeRecursively$8(NodeTestTask.java:141)
	at org.junit.platform.engine.support.hierarchical.Node.around(Node.java:137)
	at org.junit.platform.engine.support.hierarchical.NodeTestTask.lambda$executeRecursively$9(NodeTestTask.java:139)
	at org.junit.platform.engine.support.hierarchical.ThrowableCollector.execute(ThrowableCollector.java:73)
	at org.junit.platform.engine.support.hierarchical.NodeTestTask.executeRecursively(NodeTestTask.java:138)
	at org.junit.platform.engine.support.hierarchical.NodeTestTask.execute(NodeTestTask.java:95)
	at java.base/java.util.ArrayList.forEach(ArrayList.java:1511)
	at org.junit.platform.engine.support.hierarchical.SameThreadHierarchicalTestExecutorService.invokeAll(SameThreadHierarchicalTestExecutorService.java:41)
	at org.junit.platform.engine.support.hierarchical.NodeTestTask.lambda$executeRecursively$6(NodeTestTask.java:155)
	at org.junit.platform.engine.support.hierarchical.ThrowableCollector.execute(ThrowableCollector.java:73)
	at org.junit.platform.engine.support.hierarchical.NodeTestTask.lambda$executeRecursively$8(NodeTestTask.java:141)
	at org.junit.platform.engine.support.hierarchical.Node.around(Node.java:137)
	at org.junit.platform.engine.support.hierarchical.NodeTestTask.lambda$executeRecursively$9(NodeTestTask.java:139)
	at org.junit.platform.engine.support.hierarchical.ThrowableCollector.execute(ThrowableCollector.java:73)
	at org.junit.platform.engine.support.hierarchical.NodeTestTask.executeRecursively(NodeTestTask.java:138)
	at org.junit.platform.engine.support.hierarchical.NodeTestTask.execute(NodeTestTask.java:95)
	at org.junit.platform.engine.support.hierarchical.SameThreadHierarchicalTestExecutorService.submit(SameThreadHierarchicalTestExecutorService.java:35)
	at org.junit.platform.engine.support.hierarchical.HierarchicalTestExecutor.execute(HierarchicalTestExecutor.java:57)
	at org.junit.platform.engine.support.hierarchical.HierarchicalTestEngine.execute(HierarchicalTestEngine.java:54)
	at org.junit.platform.launcher.core.EngineExecutionOrchestrator.execute(EngineExecutionOrchestrator.java:147)
	at org.junit.platform.launcher.core.EngineExecutionOrchestrator.execute(EngineExecutionOrchestrator.java:127)
	at org.junit.platform.launcher.core.EngineExecutionOrchestrator.execute(EngineExecutionOrchestrator.java:90)
	at org.junit.platform.launcher.core.EngineExecutionOrchestrator.lambda$execute$0(EngineExecutionOrchestrator.java:55)
	at org.junit.platform.launcher.core.EngineExecutionOrchestrator.withInterceptedStreams(EngineExecutionOrchestrator.java:102)
	at org.junit.platform.launcher.core.EngineExecutionOrchestrator.execute(EngineExecutionOrchestrator.java:54)
	at org.junit.platform.launcher.core.DefaultLauncher.execute(DefaultLauncher.java:114)
	at org.junit.platform.launcher.core.DefaultLauncher.execute(DefaultLauncher.java:86)
	at org.junit.platform.launcher.core.DefaultLauncherSession$DelegatingLauncher.execute(DefaultLauncherSession.java:86)
	at org.apache.maven.surefire.junitplatform.LazyLauncher.execute(LazyLauncher.java:55)
	at org.apache.maven.surefire.junitplatform.JUnitPlatformProvider.execute(JUnitPlatformProvider.java:223)
	at org.apache.maven.surefire.junitplatform.JUnitPlatformProvider.invokeAllTests(JUnitPlatformProvider.java:175)
	at org.apache.maven.surefire.junitplatform.JUnitPlatformProvider.invoke(JUnitPlatformProvider.java:139)
	at org.apache.maven.surefire.booter.ForkedBooter.runSuitesInProcess(ForkedBooter.java:456)
	at org.apache.maven.surefire.booter.ForkedBooter.execute(ForkedBooter.java:169)
	at org.apache.maven.surefire.booter.ForkedBooter.run(ForkedBooter.java:595)
	at org.apache.maven.surefire.booter.ForkedBooter.main(ForkedBooter.java:581)
]]></failure>
    <system-out><![CDATA[Request method:	POST
Request URI:	http://localhost:8080/trips
Proxy:			<none>
Request params:	<none>
Query params:	<none>
Form params:	<none>
Path params:	<none>
Headers:		Authorization=Bearer eyJhbGciOiJIUzI1NiJ9.eyJpc3MiOiJTVUxWTE8iLCJzdWIiOiIxMTExMTExMTEiLCJpYXQiOjE2NzExNDU0NDQsImV4cCI6MTY3MTE1MjY0NCwicm9sZSI6IkRFRkFVTFQifQ.NZUgpSCnUMK3WcRR0D0lExXi9AR213rVjwnKuf-iw7M
				Accept=*/*
				Content-Type=application/json
Cookies:		<none>
Multiparts:		<none>
Body:
{
    "code": "14141001",
    "departureLocation": "Casault",
    "stationSlot": 8
}
Request method:	POST
Request URI:	http://localhost:8080/trips
Proxy:			<none>
Request params:	<none>
Query params:	<none>
Form params:	<none>
Path params:	<none>
Headers:		Authorization=Bearer eyJhbGciOiJIUzI1NiJ9.eyJpc3MiOiJTVUxWTE8iLCJzdWIiOiIxMTExMTExMTEiLCJpYXQiOjE2NzExNDU0NDQsImV4cCI6MTY3MTE1MjY0NCwicm9sZSI6IkRFRkFVTFQifQ.NZUgpSCnUMK3WcRR0D0lExXi9AR213rVjwnKuf-iw7M
				Accept=*/*
				Content-Type=application/json
Cookies:		<none>
Multiparts:		<none>
Body:
{
    "code": "14141001",
    "departureLocation": "Casault",
    "stationSlot": 8
}
Request method:	POST
Request URI:	http://localhost:8080/trips
Proxy:			<none>
Request params:	<none>
Query params:	<none>
Form params:	<none>
Path params:	<none>
Headers:		Authorization=Bearer eyJhbGciOiJIUzI1NiJ9.eyJpc3MiOiJTVUxWTE8iLCJzdWIiOiIxMTExMTExMTEiLCJpYXQiOjE2NzExNDU0NDQsImV4cCI6MTY3MTE1MjY0NCwicm9sZSI6IkRFRkFVTFQifQ.NZUgpSCnUMK3WcRR0D0lExXi9AR213rVjwnKuf-iw7M
				Accept=*/*
				Content-Type=application/json
Cookies:		<none>
Multiparts:		<none>
Body:
{
    "code": "14141001",
    "departureLocation": "Casault",
    "stationSlot": 8
}
Request method:	POST
Request URI:	http://localhost:8080/trips
Proxy:			<none>
Request params:	<none>
Query params:	<none>
Form params:	<none>
Path params:	<none>
Headers:		Authorization=Bearer eyJhbGciOiJIUzI1NiJ9.eyJpc3MiOiJTVUxWTE8iLCJzdWIiOiIxMTExMTExMTEiLCJpYXQiOjE2NzExNDU0NDQsImV4cCI6MTY3MTE1MjY0NCwicm9sZSI6IkRFRkFVTFQifQ.NZUgpSCnUMK3WcRR0D0lExXi9AR213rVjwnKuf-iw7M
				Accept=*/*
				Content-Type=application/json
Cookies:		<none>
Multiparts:		<none>
Body:
{
    "code": "14141001",
    "departureLocation": "Casault",
    "stationSlot": 8
}
HTTP/1.1 403 Forbidden
Date: Thu, 15 Dec 2022 23:04:04 GMT
Content-Type: application/json
Transfer-Encoding: chunked
Server: Jetty(11.0.9)

{
    "description": "This traveller is not eligible to start a trip."
}
HTTP/1.1 403 Forbidden
Date: Thu, 15 Dec 2022 23:04:04 GMT
Content-Type: application/json
Transfer-Encoding: chunked
Server: Jetty(11.0.9)

{
    "description": "This traveller is not eligible to start a trip."
}
HTTP/1.1 403 Forbidden
Date: Thu, 15 Dec 2022 23:04:04 GMT
Content-Type: application/json
Transfer-Encoding: chunked
Server: Jetty(11.0.9)

{
    "description": "This traveller is not eligible to start a trip."
}
HTTP/1.1 403 Forbidden
Date: Thu, 15 Dec 2022 23:04:04 GMT
Content-Type: application/json
Transfer-Encoding: chunked
Server: Jetty(11.0.9)

{
    "description": "This traveller is not eligible to start a trip."
}
Request method:	POST
Request URI:	http://localhost:8080/endTrip
Proxy:			<none>
Request params:	<none>
Query params:	<none>
Form params:	<none>
Path params:	<none>
Headers:		Authorization=Bearer eyJhbGciOiJIUzI1NiJ9.eyJpc3MiOiJTVUxWTE8iLCJzdWIiOiIxMTExMTExMTEiLCJpYXQiOjE2NzExNDU0NDQsImV4cCI6MTY3MTE1MjY0NCwicm9sZSI6IkRFRkFVTFQifQ.NZUgpSCnUMK3WcRR0D0lExXi9AR213rVjwnKuf-iw7M
				Accept=*/*
				Content-Type=application/json
Cookies:		<none>
Multiparts:		<none>
Body:
{
    "arrivalLocation": "Casault",
    "stationSlot": 1
}
Request method:	POST
Request URI:	http://localhost:8080/endTrip
Proxy:			<none>
Request params:	<none>
Query params:	<none>
Form params:	<none>
Path params:	<none>
Headers:		Authorization=Bearer eyJhbGciOiJIUzI1NiJ9.eyJpc3MiOiJTVUxWTE8iLCJzdWIiOiIxMTExMTExMTEiLCJpYXQiOjE2NzExNDU0NDQsImV4cCI6MTY3MTE1MjY0NCwicm9sZSI6IkRFRkFVTFQifQ.NZUgpSCnUMK3WcRR0D0lExXi9AR213rVjwnKuf-iw7M
				Accept=*/*
				Content-Type=application/json
Cookies:		<none>
Multiparts:		<none>
Body:
{
    "arrivalLocation": "Casault",
    "stationSlot": 1
}
Request method:	POST
Request URI:	http://localhost:8080/endTrip
Proxy:			<none>
Request params:	<none>
Query params:	<none>
Form params:	<none>
Path params:	<none>
Headers:		Authorization=Bearer eyJhbGciOiJIUzI1NiJ9.eyJpc3MiOiJTVUxWTE8iLCJzdWIiOiIxMTExMTExMTEiLCJpYXQiOjE2NzExNDU0NDQsImV4cCI6MTY3MTE1MjY0NCwicm9sZSI6IkRFRkFVTFQifQ.NZUgpSCnUMK3WcRR0D0lExXi9AR213rVjwnKuf-iw7M
				Accept=*/*
				Content-Type=application/json
Cookies:		<none>
Multiparts:		<none>
Body:
{
    "arrivalLocation": "Casault",
    "stationSlot": 1
}
Request method:	POST
Request URI:	http://localhost:8080/endTrip
Proxy:			<none>
Request params:	<none>
Query params:	<none>
Form params:	<none>
Path params:	<none>
Headers:		Authorization=Bearer eyJhbGciOiJIUzI1NiJ9.eyJpc3MiOiJTVUxWTE8iLCJzdWIiOiIxMTExMTExMTEiLCJpYXQiOjE2NzExNDU0NDQsImV4cCI6MTY3MTE1MjY0NCwicm9sZSI6IkRFRkFVTFQifQ.NZUgpSCnUMK3WcRR0D0lExXi9AR213rVjwnKuf-iw7M
				Accept=*/*
				Content-Type=application/json
Cookies:		<none>
Multiparts:		<none>
Body:
{
    "arrivalLocation": "Casault",
    "stationSlot": 1
}
HTTP/1.1 404 Not Found
Date: Thu, 15 Dec 2022 23:04:05 GMT
Content-Type: application/json
Transfer-Encoding: chunked
Server: Jetty(11.0.9)

{
    "description": "There is no ongoing trip."
}
HTTP/1.1 404 Not Found
Date: Thu, 15 Dec 2022 23:04:05 GMT
Content-Type: application/json
Transfer-Encoding: chunked
Server: Jetty(11.0.9)

{
    "description": "There is no ongoing trip."
}
HTTP/1.1 404 Not Found
Date: Thu, 15 Dec 2022 23:04:05 GMT
Content-Type: application/json
Transfer-Encoding: chunked
Server: Jetty(11.0.9)

{
    "description": "There is no ongoing trip."
}
HTTP/1.1 404 Not Found
Date: Thu, 15 Dec 2022 23:04:05 GMT
Content-Type: application/json
Transfer-Encoding: chunked
Server: Jetty(11.0.9)

{
    "description": "There is no ongoing trip."
}
]]></system-out>
  </testcase>
  <testcase name="whenGettingTrips_thenReturnsTrips" classname="ca.ulaval.glo4003.trip.TripResourceIT" time="0.066">
    <system-out><![CDATA[Request method:	GET
Request URI:	http://localhost:8080/trips
Proxy:			<none>
Request params:	<none>
Query params:	<none>
Form params:	<none>
Path params:	<none>
Headers:		Authorization=Bearer eyJhbGciOiJIUzI1NiJ9.eyJpc3MiOiJTVUxWTE8iLCJzdWIiOiIxMTExMTExMTEiLCJpYXQiOjE2NzExNDU0NDUsImV4cCI6MTY3MTE1MjY0NSwicm9sZSI6IkRFRkFVTFQifQ.SQGTYjLrrmIKfjTkuP7AW2_wcGGPvcU15P7xL4_excg
				Accept=*/*
				Content-Type=application/json
Cookies:		<none>
Multiparts:		<none>
Body:			<none>
Request method:	GET
Request URI:	http://localhost:8080/trips
Proxy:			<none>
Request params:	<none>
Query params:	<none>
Form params:	<none>
Path params:	<none>
Headers:		Authorization=Bearer eyJhbGciOiJIUzI1NiJ9.eyJpc3MiOiJTVUxWTE8iLCJzdWIiOiIxMTExMTExMTEiLCJpYXQiOjE2NzExNDU0NDUsImV4cCI6MTY3MTE1MjY0NSwicm9sZSI6IkRFRkFVTFQifQ.SQGTYjLrrmIKfjTkuP7AW2_wcGGPvcU15P7xL4_excg
				Accept=*/*
				Content-Type=application/json
Cookies:		<none>
Multiparts:		<none>
Body:			<none>
Request method:	GET
Request URI:	http://localhost:8080/trips
Proxy:			<none>
Request params:	<none>
Query params:	<none>
Form params:	<none>
Path params:	<none>
Headers:		Authorization=Bearer eyJhbGciOiJIUzI1NiJ9.eyJpc3MiOiJTVUxWTE8iLCJzdWIiOiIxMTExMTExMTEiLCJpYXQiOjE2NzExNDU0NDUsImV4cCI6MTY3MTE1MjY0NSwicm9sZSI6IkRFRkFVTFQifQ.SQGTYjLrrmIKfjTkuP7AW2_wcGGPvcU15P7xL4_excg
				Accept=*/*
				Content-Type=application/json
Cookies:		<none>
Multiparts:		<none>
Body:			<none>
Request method:	GET
Request URI:	http://localhost:8080/trips
Proxy:			<none>
Request params:	<none>
Query params:	<none>
Form params:	<none>
Path params:	<none>
Headers:		Authorization=Bearer eyJhbGciOiJIUzI1NiJ9.eyJpc3MiOiJTVUxWTE8iLCJzdWIiOiIxMTExMTExMTEiLCJpYXQiOjE2NzExNDU0NDUsImV4cCI6MTY3MTE1MjY0NSwicm9sZSI6IkRFRkFVTFQifQ.SQGTYjLrrmIKfjTkuP7AW2_wcGGPvcU15P7xL4_excg
				Accept=*/*
				Content-Type=application/json
Cookies:		<none>
Multiparts:		<none>
Body:			<none>
HTTP/1.1 200 OK
Date: Thu, 15 Dec 2022 23:04:05 GMT
Content-Type: application/json
Transfer-Encoding: chunked
Server: Jetty(11.0.9)

{
    "summary": {
        "totalTravelTime": "0:00:00",
        "averageTravelTime": "0:00:00",
        "totalTravel": 1,
        "favouriteStation": "Casault"
    },
    "trips": [
        {
            "tripDuration": "0:00:00",
            "departureStation": "Casault",
            "departureDate": "Dec. 15, 2022, 6:03:58 p.m.",
            "arrivalStation": "Peps",
            "arrivalDate": "Dec. 15, 2022, 6:03:58 p.m."
        }
    ]
}
HTTP/1.1 200 OK
Date: Thu, 15 Dec 2022 23:04:05 GMT
Content-Type: application/json
Transfer-Encoding: chunked
Server: Jetty(11.0.9)

{
    "summary": {
        "totalTravelTime": "0:00:00",
        "averageTravelTime": "0:00:00",
        "totalTravel": 1,
        "favouriteStation": "Casault"
    },
    "trips": [
        {
            "tripDuration": "0:00:00",
            "departureStation": "Casault",
            "departureDate": "Dec. 15, 2022, 6:03:58 p.m.",
            "arrivalStation": "Peps",
            "arrivalDate": "Dec. 15, 2022, 6:03:58 p.m."
        }
    ]
}
HTTP/1.1 200 OK
Date: Thu, 15 Dec 2022 23:04:05 GMT
Content-Type: application/json
Transfer-Encoding: chunked
Server: Jetty(11.0.9)

{
    "summary": {
        "totalTravelTime": "0:00:00",
        "averageTravelTime": "0:00:00",
        "totalTravel": 1,
        "favouriteStation": "Casault"
    },
    "trips": [
        {
            "tripDuration": "0:00:00",
            "departureStation": "Casault",
            "departureDate": "Dec. 15, 2022, 6:03:58 p.m.",
            "arrivalStation": "Peps",
            "arrivalDate": "Dec. 15, 2022, 6:03:58 p.m."
        }
    ]
}
HTTP/1.1 200 OK
Date: Thu, 15 Dec 2022 23:04:05 GMT
Content-Type: application/json
Transfer-Encoding: chunked
Server: Jetty(11.0.9)

{
    "summary": {
        "totalTravelTime": "0:00:00",
        "averageTravelTime": "0:00:00",
        "totalTravel": 1,
        "favouriteStation": "Casault"
    },
    "trips": [
        {
            "tripDuration": "0:00:00",
            "departureStation": "Casault",
            "departureDate": "Dec. 15, 2022, 6:03:58 p.m.",
            "arrivalStation": "Peps",
            "arrivalDate": "Dec. 15, 2022, 6:03:58 p.m."
        }
    ]
}
]]></system-out>
  </testcase>
  <testcase name="givenUnauthorizedAccess_whenGettingTrips_thenReturnsUnauthorizedStatusCode" classname="ca.ulaval.glo4003.trip.TripResourceIT" time="0.014">
    <system-out><![CDATA[Request method:	GET
Request URI:	http://localhost:8080/trips
Proxy:			<none>
Request params:	<none>
Query params:	<none>
Form params:	<none>
Path params:	<none>
Headers:		Accept=*/*
				Content-Type=application/json
Cookies:		<none>
Multiparts:		<none>
Body:			<none>
Request method:	GET
Request URI:	http://localhost:8080/trips
Proxy:			<none>
Request params:	<none>
Query params:	<none>
Form params:	<none>
Path params:	<none>
Headers:		Accept=*/*
				Content-Type=application/json
Cookies:		<none>
Multiparts:		<none>
Body:			<none>
Request method:	GET
Request URI:	http://localhost:8080/trips
Proxy:			<none>
Request params:	<none>
Query params:	<none>
Form params:	<none>
Path params:	<none>
Headers:		Accept=*/*
				Content-Type=application/json
Cookies:		<none>
Multiparts:		<none>
Body:			<none>
Request method:	GET
Request URI:	http://localhost:8080/trips
Proxy:			<none>
Request params:	<none>
Query params:	<none>
Form params:	<none>
Path params:	<none>
Headers:		Accept=*/*
				Content-Type=application/json
Cookies:		<none>
Multiparts:		<none>
Body:			<none>
HTTP/1.1 401 Unauthorized
Date: Thu, 15 Dec 2022 23:04:05 GMT
Content-Type: application/json
Transfer-Encoding: chunked
Server: Jetty(11.0.9)

{
    "description": "Login is required."
}
HTTP/1.1 401 Unauthorized
Date: Thu, 15 Dec 2022 23:04:05 GMT
Content-Type: application/json
Transfer-Encoding: chunked
Server: Jetty(11.0.9)

{
    "description": "Login is required."
}
HTTP/1.1 401 Unauthorized
Date: Thu, 15 Dec 2022 23:04:05 GMT
Content-Type: application/json
Transfer-Encoding: chunked
Server: Jetty(11.0.9)

{
    "description": "Login is required."
}
HTTP/1.1 401 Unauthorized
Date: Thu, 15 Dec 2022 23:04:05 GMT
Content-Type: application/json
Transfer-Encoding: chunked
Server: Jetty(11.0.9)

{
    "description": "Login is required."
}
]]></system-out>
  </testcase>
  <testcase name="givenUnauthorizedAccess_whenCreatingTrip_thenReturnsUnauthorizedStatusCode" classname="ca.ulaval.glo4003.trip.TripResourceIT" time="0.02">
    <system-out><![CDATA[Request method:	POST
Request URI:	http://localhost:8080/trips
Proxy:			<none>
Request params:	<none>
Query params:	<none>
Form params:	<none>
Path params:	<none>
Headers:		Accept=*/*
				Content-Type=application/json
Cookies:		<none>
Multiparts:		<none>
Body:
{
    "code": "14141001",
    "departureLocation": "Casault",
    "stationSlot": 6
}
Request method:	POST
Request URI:	http://localhost:8080/trips
Proxy:			<none>
Request params:	<none>
Query params:	<none>
Form params:	<none>
Path params:	<none>
Headers:		Accept=*/*
				Content-Type=application/json
Cookies:		<none>
Multiparts:		<none>
Body:
{
    "code": "14141001",
    "departureLocation": "Casault",
    "stationSlot": 6
}
Request method:	POST
Request URI:	http://localhost:8080/trips
Proxy:			<none>
Request params:	<none>
Query params:	<none>
Form params:	<none>
Path params:	<none>
Headers:		Accept=*/*
				Content-Type=application/json
Cookies:		<none>
Multiparts:		<none>
Body:
{
    "code": "14141001",
    "departureLocation": "Casault",
    "stationSlot": 6
}
Request method:	POST
Request URI:	http://localhost:8080/trips
Proxy:			<none>
Request params:	<none>
Query params:	<none>
Form params:	<none>
Path params:	<none>
Headers:		Accept=*/*
				Content-Type=application/json
Cookies:		<none>
Multiparts:		<none>
Body:
{
    "code": "14141001",
    "departureLocation": "Casault",
    "stationSlot": 6
}
HTTP/1.1 401 Unauthorized
Date: Thu, 15 Dec 2022 23:04:05 GMT
Content-Type: application/json
Transfer-Encoding: chunked
Server: Jetty(11.0.9)

{
    "description": "Login is required."
}
HTTP/1.1 401 Unauthorized
Date: Thu, 15 Dec 2022 23:04:05 GMT
Content-Type: application/json
Transfer-Encoding: chunked
Server: Jetty(11.0.9)

{
    "description": "Login is required."
}
HTTP/1.1 401 Unauthorized
Date: Thu, 15 Dec 2022 23:04:05 GMT
Content-Type: application/json
Transfer-Encoding: chunked
Server: Jetty(11.0.9)

{
    "description": "Login is required."
}
HTTP/1.1 401 Unauthorized
Date: Thu, 15 Dec 2022 23:04:05 GMT
Content-Type: application/json
Transfer-Encoding: chunked
Server: Jetty(11.0.9)

{
    "description": "Login is required."
}
]]></system-out>
  </testcase>
  <testcase name="whenCreatingTrip_thenTripIsCreated" classname="ca.ulaval.glo4003.trip.TripResourceIT" time="0.025">
    <failure message="1 expectation failed.&#10;Expected status code &lt;201&gt; but was &lt;403&gt;.&#10;" type="java.lang.AssertionError"><![CDATA[java.lang.AssertionError: 
1 expectation failed.
Expected status code <201> but was <403>.

	at java.base/jdk.internal.reflect.DirectConstructorHandleAccessor.newInstance(DirectConstructorHandleAccessor.java:67)
	at java.base/java.lang.reflect.Constructor.newInstanceWithCaller(Constructor.java:499)
	at java.base/java.lang.reflect.Constructor.newInstance(Constructor.java:483)
	at org.codehaus.groovy.reflection.CachedConstructor.invoke(CachedConstructor.java:73)
	at org.codehaus.groovy.runtime.callsite.ConstructorSite$ConstructorSiteNoUnwrapNoCoerce.callConstructor(ConstructorSite.java:108)
	at org.codehaus.groovy.runtime.callsite.AbstractCallSite.callConstructor(AbstractCallSite.java:277)
	at io.restassured.internal.ResponseSpecificationImpl$HamcrestAssertionClosure.validate(ResponseSpecificationImpl.groovy:512)
	at io.restassured.internal.ResponseSpecificationImpl$HamcrestAssertionClosure$validate$1.call(Unknown Source)
	at io.restassured.internal.ResponseSpecificationImpl.validateResponseIfRequired(ResponseSpecificationImpl.groovy:696)
	at io.restassured.internal.ResponseSpecificationImpl.this$2$validateResponseIfRequired(ResponseSpecificationImpl.groovy)
	at java.base/jdk.internal.reflect.DirectMethodHandleAccessor.invoke(DirectMethodHandleAccessor.java:104)
	at java.base/java.lang.reflect.Method.invoke(Method.java:577)
	at org.codehaus.groovy.runtime.callsite.PlainObjectMetaMethodSite.doInvoke(PlainObjectMetaMethodSite.java:43)
	at org.codehaus.groovy.runtime.callsite.PogoMetaMethodSite$PogoCachedMethodSiteNoUnwrapNoCoerce.invoke(PogoMetaMethodSite.java:198)
	at org.codehaus.groovy.runtime.callsite.PogoMetaMethodSite.callCurrent(PogoMetaMethodSite.java:62)
	at org.codehaus.groovy.runtime.callsite.AbstractCallSite.callCurrent(AbstractCallSite.java:185)
	at io.restassured.internal.ResponseSpecificationImpl.statusCode(ResponseSpecificationImpl.groovy:135)
	at io.restassured.specification.ResponseSpecification$statusCode$0.callCurrent(Unknown Source)
	at io.restassured.internal.ResponseSpecificationImpl.statusCode(ResponseSpecificationImpl.groovy:143)
	at io.restassured.internal.ValidatableResponseOptionsImpl.statusCode(ValidatableResponseOptionsImpl.java:89)
	at ca.ulaval.glo4003.trip.TripResourceIT.whenCreatingTrip_thenTripIsCreated(TripResourceIT.java:62)
	at java.base/jdk.internal.reflect.DirectMethodHandleAccessor.invoke(DirectMethodHandleAccessor.java:104)
	at java.base/java.lang.reflect.Method.invoke(Method.java:577)
	at org.junit.platform.commons.util.ReflectionUtils.invokeMethod(ReflectionUtils.java:727)
	at org.junit.jupiter.engine.execution.MethodInvocation.proceed(MethodInvocation.java:60)
	at org.junit.jupiter.engine.execution.InvocationInterceptorChain$ValidatingInvocation.proceed(InvocationInterceptorChain.java:131)
	at org.junit.jupiter.engine.extension.TimeoutExtension.intercept(TimeoutExtension.java:156)
	at org.junit.jupiter.engine.extension.TimeoutExtension.interceptTestableMethod(TimeoutExtension.java:147)
	at org.junit.jupiter.engine.extension.TimeoutExtension.interceptTestMethod(TimeoutExtension.java:86)
	at org.junit.jupiter.engine.execution.InterceptingExecutableInvoker$ReflectiveInterceptorCall.lambda$ofVoidMethod$0(InterceptingExecutableInvoker.java:103)
	at org.junit.jupiter.engine.execution.InterceptingExecutableInvoker.lambda$invoke$0(InterceptingExecutableInvoker.java:93)
	at org.junit.jupiter.engine.execution.InvocationInterceptorChain$InterceptedInvocation.proceed(InvocationInterceptorChain.java:106)
	at org.junit.jupiter.engine.execution.InvocationInterceptorChain.proceed(InvocationInterceptorChain.java:64)
	at org.junit.jupiter.engine.execution.InvocationInterceptorChain.chainAndInvoke(InvocationInterceptorChain.java:45)
	at org.junit.jupiter.engine.execution.InvocationInterceptorChain.invoke(InvocationInterceptorChain.java:37)
	at org.junit.jupiter.engine.execution.InterceptingExecutableInvoker.invoke(InterceptingExecutableInvoker.java:92)
	at org.junit.jupiter.engine.execution.InterceptingExecutableInvoker.invoke(InterceptingExecutableInvoker.java:86)
	at org.junit.jupiter.engine.descriptor.TestMethodTestDescriptor.lambda$invokeTestMethod$7(TestMethodTestDescriptor.java:217)
	at org.junit.platform.engine.support.hierarchical.ThrowableCollector.execute(ThrowableCollector.java:73)
	at org.junit.jupiter.engine.descriptor.TestMethodTestDescriptor.invokeTestMethod(TestMethodTestDescriptor.java:213)
	at org.junit.jupiter.engine.descriptor.TestMethodTestDescriptor.execute(TestMethodTestDescriptor.java:138)
	at org.junit.jupiter.engine.descriptor.TestMethodTestDescriptor.execute(TestMethodTestDescriptor.java:68)
	at org.junit.platform.engine.support.hierarchical.NodeTestTask.lambda$executeRecursively$6(NodeTestTask.java:151)
	at org.junit.platform.engine.support.hierarchical.ThrowableCollector.execute(ThrowableCollector.java:73)
	at org.junit.platform.engine.support.hierarchical.NodeTestTask.lambda$executeRecursively$8(NodeTestTask.java:141)
	at org.junit.platform.engine.support.hierarchical.Node.around(Node.java:137)
	at org.junit.platform.engine.support.hierarchical.NodeTestTask.lambda$executeRecursively$9(NodeTestTask.java:139)
	at org.junit.platform.engine.support.hierarchical.ThrowableCollector.execute(ThrowableCollector.java:73)
	at org.junit.platform.engine.support.hierarchical.NodeTestTask.executeRecursively(NodeTestTask.java:138)
	at org.junit.platform.engine.support.hierarchical.NodeTestTask.execute(NodeTestTask.java:95)
	at java.base/java.util.ArrayList.forEach(ArrayList.java:1511)
	at org.junit.platform.engine.support.hierarchical.SameThreadHierarchicalTestExecutorService.invokeAll(SameThreadHierarchicalTestExecutorService.java:41)
	at org.junit.platform.engine.support.hierarchical.NodeTestTask.lambda$executeRecursively$6(NodeTestTask.java:155)
	at org.junit.platform.engine.support.hierarchical.ThrowableCollector.execute(ThrowableCollector.java:73)
	at org.junit.platform.engine.support.hierarchical.NodeTestTask.lambda$executeRecursively$8(NodeTestTask.java:141)
	at org.junit.platform.engine.support.hierarchical.Node.around(Node.java:137)
	at org.junit.platform.engine.support.hierarchical.NodeTestTask.lambda$executeRecursively$9(NodeTestTask.java:139)
	at org.junit.platform.engine.support.hierarchical.ThrowableCollector.execute(ThrowableCollector.java:73)
	at org.junit.platform.engine.support.hierarchical.NodeTestTask.executeRecursively(NodeTestTask.java:138)
	at org.junit.platform.engine.support.hierarchical.NodeTestTask.execute(NodeTestTask.java:95)
	at java.base/java.util.ArrayList.forEach(ArrayList.java:1511)
	at org.junit.platform.engine.support.hierarchical.SameThreadHierarchicalTestExecutorService.invokeAll(SameThreadHierarchicalTestExecutorService.java:41)
	at org.junit.platform.engine.support.hierarchical.NodeTestTask.lambda$executeRecursively$6(NodeTestTask.java:155)
	at org.junit.platform.engine.support.hierarchical.ThrowableCollector.execute(ThrowableCollector.java:73)
	at org.junit.platform.engine.support.hierarchical.NodeTestTask.lambda$executeRecursively$8(NodeTestTask.java:141)
	at org.junit.platform.engine.support.hierarchical.Node.around(Node.java:137)
	at org.junit.platform.engine.support.hierarchical.NodeTestTask.lambda$executeRecursively$9(NodeTestTask.java:139)
	at org.junit.platform.engine.support.hierarchical.ThrowableCollector.execute(ThrowableCollector.java:73)
	at org.junit.platform.engine.support.hierarchical.NodeTestTask.executeRecursively(NodeTestTask.java:138)
	at org.junit.platform.engine.support.hierarchical.NodeTestTask.execute(NodeTestTask.java:95)
	at org.junit.platform.engine.support.hierarchical.SameThreadHierarchicalTestExecutorService.submit(SameThreadHierarchicalTestExecutorService.java:35)
	at org.junit.platform.engine.support.hierarchical.HierarchicalTestExecutor.execute(HierarchicalTestExecutor.java:57)
	at org.junit.platform.engine.support.hierarchical.HierarchicalTestEngine.execute(HierarchicalTestEngine.java:54)
	at org.junit.platform.launcher.core.EngineExecutionOrchestrator.execute(EngineExecutionOrchestrator.java:147)
	at org.junit.platform.launcher.core.EngineExecutionOrchestrator.execute(EngineExecutionOrchestrator.java:127)
	at org.junit.platform.launcher.core.EngineExecutionOrchestrator.execute(EngineExecutionOrchestrator.java:90)
	at org.junit.platform.launcher.core.EngineExecutionOrchestrator.lambda$execute$0(EngineExecutionOrchestrator.java:55)
	at org.junit.platform.launcher.core.EngineExecutionOrchestrator.withInterceptedStreams(EngineExecutionOrchestrator.java:102)
	at org.junit.platform.launcher.core.EngineExecutionOrchestrator.execute(EngineExecutionOrchestrator.java:54)
	at org.junit.platform.launcher.core.DefaultLauncher.execute(DefaultLauncher.java:114)
	at org.junit.platform.launcher.core.DefaultLauncher.execute(DefaultLauncher.java:86)
	at org.junit.platform.launcher.core.DefaultLauncherSession$DelegatingLauncher.execute(DefaultLauncherSession.java:86)
	at org.apache.maven.surefire.junitplatform.LazyLauncher.execute(LazyLauncher.java:55)
	at org.apache.maven.surefire.junitplatform.JUnitPlatformProvider.execute(JUnitPlatformProvider.java:223)
	at org.apache.maven.surefire.junitplatform.JUnitPlatformProvider.invokeAllTests(JUnitPlatformProvider.java:175)
	at org.apache.maven.surefire.junitplatform.JUnitPlatformProvider.invoke(JUnitPlatformProvider.java:139)
	at org.apache.maven.surefire.booter.ForkedBooter.runSuitesInProcess(ForkedBooter.java:456)
	at org.apache.maven.surefire.booter.ForkedBooter.execute(ForkedBooter.java:169)
	at org.apache.maven.surefire.booter.ForkedBooter.run(ForkedBooter.java:595)
	at org.apache.maven.surefire.booter.ForkedBooter.main(ForkedBooter.java:581)
]]></failure>
    <system-out><![CDATA[Request method:	POST
Request URI:	http://localhost:8080/trips
Proxy:			<none>
Request params:	<none>
Query params:	<none>
Form params:	<none>
Path params:	<none>
Headers:		Authorization=Bearer eyJhbGciOiJIUzI1NiJ9.eyJpc3MiOiJTVUxWTE8iLCJzdWIiOiIxMTExMTExMTEiLCJpYXQiOjE2NzExNDU0NDUsImV4cCI6MTY3MTE1MjY0NSwicm9sZSI6IkRFRkFVTFQifQ.SQGTYjLrrmIKfjTkuP7AW2_wcGGPvcU15P7xL4_excg
				Accept=*/*
				Content-Type=application/json
Cookies:		<none>
Multiparts:		<none>
Body:
{
    "code": "14141001",
    "departureLocation": "Casault",
    "stationSlot": 6
}
Request method:	POST
Request URI:	http://localhost:8080/trips
Proxy:			<none>
Request params:	<none>
Query params:	<none>
Form params:	<none>
Path params:	<none>
Headers:		Authorization=Bearer eyJhbGciOiJIUzI1NiJ9.eyJpc3MiOiJTVUxWTE8iLCJzdWIiOiIxMTExMTExMTEiLCJpYXQiOjE2NzExNDU0NDUsImV4cCI6MTY3MTE1MjY0NSwicm9sZSI6IkRFRkFVTFQifQ.SQGTYjLrrmIKfjTkuP7AW2_wcGGPvcU15P7xL4_excg
				Accept=*/*
				Content-Type=application/json
Cookies:		<none>
Multiparts:		<none>
Body:
{
    "code": "14141001",
    "departureLocation": "Casault",
    "stationSlot": 6
}
Request method:	POST
Request URI:	http://localhost:8080/trips
Proxy:			<none>
Request params:	<none>
Query params:	<none>
Form params:	<none>
Path params:	<none>
Headers:		Authorization=Bearer eyJhbGciOiJIUzI1NiJ9.eyJpc3MiOiJTVUxWTE8iLCJzdWIiOiIxMTExMTExMTEiLCJpYXQiOjE2NzExNDU0NDUsImV4cCI6MTY3MTE1MjY0NSwicm9sZSI6IkRFRkFVTFQifQ.SQGTYjLrrmIKfjTkuP7AW2_wcGGPvcU15P7xL4_excg
				Accept=*/*
				Content-Type=application/json
Cookies:		<none>
Multiparts:		<none>
Body:
{
    "code": "14141001",
    "departureLocation": "Casault",
    "stationSlot": 6
}
Request method:	POST
Request URI:	http://localhost:8080/trips
Proxy:			<none>
Request params:	<none>
Query params:	<none>
Form params:	<none>
Path params:	<none>
Headers:		Authorization=Bearer eyJhbGciOiJIUzI1NiJ9.eyJpc3MiOiJTVUxWTE8iLCJzdWIiOiIxMTExMTExMTEiLCJpYXQiOjE2NzExNDU0NDUsImV4cCI6MTY3MTE1MjY0NSwicm9sZSI6IkRFRkFVTFQifQ.SQGTYjLrrmIKfjTkuP7AW2_wcGGPvcU15P7xL4_excg
				Accept=*/*
				Content-Type=application/json
Cookies:		<none>
Multiparts:		<none>
Body:
{
    "code": "14141001",
    "departureLocation": "Casault",
    "stationSlot": 6
}
HTTP/1.1 403 Forbidden
Date: Thu, 15 Dec 2022 23:04:05 GMT
Content-Type: application/json
Transfer-Encoding: chunked
Server: Jetty(11.0.9)

{
    "description": "This traveller is not eligible to start a trip."
}
HTTP/1.1 403 Forbidden
Date: Thu, 15 Dec 2022 23:04:05 GMT
Content-Type: application/json
Transfer-Encoding: chunked
Server: Jetty(11.0.9)

{
    "description": "This traveller is not eligible to start a trip."
}
HTTP/1.1 403 Forbidden
Date: Thu, 15 Dec 2022 23:04:05 GMT
Content-Type: application/json
Transfer-Encoding: chunked
Server: Jetty(11.0.9)

{
    "description": "This traveller is not eligible to start a trip."
}
HTTP/1.1 403 Forbidden
Date: Thu, 15 Dec 2022 23:04:05 GMT
Content-Type: application/json
Transfer-Encoding: chunked
Server: Jetty(11.0.9)

{
    "description": "This traveller is not eligible to start a trip."
}
]]></system-out>
  </testcase>
</testsuite>